JetBrains Amper version 0.3.0+fa5d34a
running on Mac OS X 14.4.1 jvm arch x86_64

00:03.142 DEBUG :amper-standalone-compose-desktop:resolveDependenciesJvm ResolveExternalDependenciesTask resolve dependencies amper-standalone-compose-desktop -- jvm -- org.jetbrains.compose.desktop:desktop-jvm-macos-x64:1.6.10-rc01 org.jetbrains.kotlin:kotlin-stdlib:2.0.0-RC3 --  -- resolvePlatform=jvm nativeTarget=null
00:03.163 DEBUG :amper-standalone-compose-desktop:resolveDependenciesJvm ExecuteOnChangedInputs    INC: state file is missing or empty at '/Users/vengateshm/KotlinMultiplatform/AmperFleet/amper-standalone-compose-desktop/build/incremental.state/_amper_standalone_compose_desktop_resolveDependenciesJvm-8eace36211' -> rebuilding
00:03.170 INFO  :amper-standalone-compose-desktop:resolveDependenciesJvm ExecuteOnChangedInputs    building ':amper-standalone-compose-desktop:resolveDependenciesJvm'
00:04.890 DEBUG :amper-standalone-compose-desktop:resolveDependenciesJvm DependencyFile            Downloaded https://repo1.maven.org/maven2/org/jetbrains/compose/desktop/desktop-jvm/1.6.10-rc01/desktop-jvm-1.6.10-rc01.jar for the dependency org.jetbrains.compose.desktop:desktop-jvm:1.6.10-rc01
00:04.948 DEBUG :amper-standalone-compose-desktop:resolveDependenciesJvm DependencyFile            Downloaded https://repo1.maven.org/maven2/org/jetbrains/annotations/23.0.0/annotations-23.0.0.jar for the dependency org.jetbrains:annotations:23.0.0
00:05.904 DEBUG :amper-standalone-compose-desktop:resolveDependenciesJvm DependencyFile            Downloaded https://repo1.maven.org/maven2/org/jetbrains/skiko/skiko-awt/0.8.4/skiko-awt-0.8.4.jar for the dependency org.jetbrains.skiko:skiko-awt:0.8.4
00:06.037 DEBUG :amper-standalone-compose-desktop:resolveDependenciesJvm DependencyFile            Not found URL: https://repo1.maven.org/maven2/org/jetbrains/annotations/23.0.0/annotations-23.0.0.jar.sha512
00:06.486 DEBUG :amper-standalone-compose-desktop:resolveDependenciesJvm DependencyFile            Downloaded https://repo1.maven.org/maven2/org/jetbrains/compose/ui/ui-desktop/1.6.10-rc01/ui-desktop-1.6.10-rc01.jar for the dependency org.jetbrains.compose.ui:ui-desktop:1.6.10-rc01
00:07.053 DEBUG :amper-standalone-compose-desktop:resolveDependenciesJvm DependencyFile            Not found URL: https://repo1.maven.org/maven2/org/jetbrains/annotations/23.0.0/annotations-23.0.0.jar.sha256
00:07.949 DEBUG :amper-standalone-compose-desktop:resolveDependenciesJvm DependencyFile            Downloaded https://repo1.maven.org/maven2/org/jetbrains/annotations/23.0.0/annotations-23.0.0.jar.sha1 for the dependency org.jetbrains:annotations:23.0.0
00:08.884 DEBUG :amper-standalone-compose-desktop:resolveDependenciesJvm DependencyFile            Downloaded https://repo1.maven.org/maven2/org/jetbrains/kotlin/kotlin-stdlib-common/1.9.23/kotlin-stdlib-common-1.9.23.pom for the dependency org.jetbrains.kotlin:kotlin-stdlib-common:1.9.23
00:08.928 DEBUG :amper-standalone-compose-desktop:resolveDependenciesJvm DependencyFile            Downloaded https://repo1.maven.org/maven2/org/jetbrains/kotlinx/atomicfu/0.23.2/atomicfu-0.23.2.pom for the dependency org.jetbrains.kotlinx:atomicfu:0.23.2
00:08.937 DEBUG :amper-standalone-compose-desktop:resolveDependenciesJvm DependencyFile            Downloaded https://repo1.maven.org/maven2/org/jetbrains/kotlin/kotlin-stdlib-jdk8/1.9.23/kotlin-stdlib-jdk8-1.9.23.pom for the dependency org.jetbrains.kotlin:kotlin-stdlib-jdk8:1.9.23
00:08.965 DEBUG :amper-standalone-compose-desktop:resolveDependenciesJvm DependencyFile            Downloaded https://repo1.maven.org/maven2/org/jetbrains/androidx/lifecycle/lifecycle-runtime/2.8.0-rc01/lifecycle-runtime-2.8.0-rc01.pom for the dependency org.jetbrains.androidx.lifecycle:lifecycle-runtime:2.8.0-rc01
00:08.991 DEBUG :amper-standalone-compose-desktop:resolveDependenciesJvm DependencyFile            Downloaded https://repo1.maven.org/maven2/org/jetbrains/skiko/skiko-awt-runtime-macos-x64/0.8.4/skiko-awt-runtime-macos-x64-0.8.4.pom for the dependency org.jetbrains.skiko:skiko-awt-runtime-macos-x64:0.8.4
00:09.010 DEBUG :amper-standalone-compose-desktop:resolveDependenciesJvm DependencyFile            Downloaded https://repo1.maven.org/maven2/org/jetbrains/androidx/lifecycle/lifecycle-runtime-compose/2.8.0-rc01/lifecycle-runtime-compose-2.8.0-rc01.pom for the dependency org.jetbrains.androidx.lifecycle:lifecycle-runtime-compose:2.8.0-rc01
00:09.011 DEBUG :amper-standalone-compose-desktop:resolveDependenciesJvm DependencyFile            Downloaded https://repo1.maven.org/maven2/org/jetbrains/compose/annotation-internal/annotation/1.6.10-rc01/annotation-1.6.10-rc01.pom for the dependency org.jetbrains.compose.annotation-internal:annotation:1.6.10-rc01
00:09.012 DEBUG :amper-standalone-compose-desktop:resolveDependenciesJvm DependencyFile            Downloaded https://repo1.maven.org/maven2/org/jetbrains/compose/collection-internal/collection/1.6.10-rc01/collection-1.6.10-rc01.pom for the dependency org.jetbrains.compose.collection-internal:collection:1.6.10-rc01
00:09.864 DEBUG :amper-standalone-compose-desktop:resolveDependenciesJvm DependencyFile            Downloaded https://repo1.maven.org/maven2/org/jetbrains/androidx/lifecycle/lifecycle-runtime/2.8.0-rc01/lifecycle-runtime-2.8.0-rc01.pom.sha512 for the dependency org.jetbrains.androidx.lifecycle:lifecycle-runtime:2.8.0-rc01
00:09.869 DEBUG :amper-standalone-compose-desktop:resolveDependenciesJvm DependencyFile            Not found URL: https://repo1.maven.org/maven2/org/jetbrains/kotlinx/atomicfu/0.23.2/atomicfu-0.23.2.pom.sha512
00:09.872 DEBUG :amper-standalone-compose-desktop:resolveDependenciesJvm DependencyFile            Not found URL: https://repo1.maven.org/maven2/org/jetbrains/kotlin/kotlin-stdlib-common/1.9.23/kotlin-stdlib-common-1.9.23.pom.sha512
00:09.948 DEBUG :amper-standalone-compose-desktop:resolveDependenciesJvm DependencyFile            Downloaded https://repo1.maven.org/maven2/org/jetbrains/androidx/lifecycle/lifecycle-runtime-compose/2.8.0-rc01/lifecycle-runtime-compose-2.8.0-rc01.pom.sha512 for the dependency org.jetbrains.androidx.lifecycle:lifecycle-runtime-compose:2.8.0-rc01
00:09.956 DEBUG :amper-standalone-compose-desktop:resolveDependenciesJvm DependencyFile            Downloaded https://repo1.maven.org/maven2/org/jetbrains/compose/annotation-internal/annotation/1.6.10-rc01/annotation-1.6.10-rc01.pom.sha512 for the dependency org.jetbrains.compose.annotation-internal:annotation:1.6.10-rc01
00:09.958 DEBUG :amper-standalone-compose-desktop:resolveDependenciesJvm DependencyFile            Not found URL: https://repo1.maven.org/maven2/org/jetbrains/kotlin/kotlin-stdlib-jdk8/1.9.23/kotlin-stdlib-jdk8-1.9.23.pom.sha512
00:10.002 DEBUG :amper-standalone-compose-desktop:resolveDependenciesJvm DependencyFile            Downloaded https://repo1.maven.org/maven2/org/jetbrains/androidx/lifecycle/lifecycle-common/2.8.0-rc01/lifecycle-common-2.8.0-rc01.pom for the dependency org.jetbrains.androidx.lifecycle:lifecycle-common:2.8.0-rc01
00:10.004 DEBUG :amper-standalone-compose-desktop:resolveDependenciesJvm DependencyFile            Downloaded https://repo1.maven.org/maven2/org/jetbrains/compose/collection-internal/collection/1.6.10-rc01/collection-1.6.10-rc01.pom.sha512 for the dependency org.jetbrains.compose.collection-internal:collection:1.6.10-rc01
00:10.014 DEBUG :amper-standalone-compose-desktop:resolveDependenciesJvm DependencyFile            Downloaded https://repo1.maven.org/maven2/org/jetbrains/androidx/lifecycle/lifecycle-viewmodel/2.8.0-rc01/lifecycle-viewmodel-2.8.0-rc01.pom for the dependency org.jetbrains.androidx.lifecycle:lifecycle-viewmodel:2.8.0-rc01
00:10.033 DEBUG :amper-standalone-compose-desktop:resolveDependenciesJvm DependencyFile            Downloaded https://repo1.maven.org/maven2/org/jetbrains/skiko/skiko-awt-runtime-macos-x64/0.8.4/skiko-awt-runtime-macos-x64-0.8.4.pom.sha512 for the dependency org.jetbrains.skiko:skiko-awt-runtime-macos-x64:0.8.4
00:10.811 DEBUG :amper-standalone-compose-desktop:resolveDependenciesJvm DependencyFile            Not found URL: https://repo1.maven.org/maven2/org/jetbrains/kotlinx/atomicfu/0.23.2/atomicfu-0.23.2.pom.sha256
00:10.864 DEBUG :amper-standalone-compose-desktop:resolveDependenciesJvm DependencyFile            Not found URL: https://repo1.maven.org/maven2/org/jetbrains/kotlin/kotlin-stdlib-common/1.9.23/kotlin-stdlib-common-1.9.23.pom.sha256
00:10.919 DEBUG :amper-standalone-compose-desktop:resolveDependenciesJvm DependencyFile            Downloaded https://repo1.maven.org/maven2/org/jetbrains/androidx/lifecycle/lifecycle-common/2.8.0-rc01/lifecycle-common-2.8.0-rc01.pom.sha512 for the dependency org.jetbrains.androidx.lifecycle:lifecycle-common:2.8.0-rc01
00:10.919 DEBUG :amper-standalone-compose-desktop:resolveDependenciesJvm DependencyFile            Downloaded https://repo1.maven.org/maven2/org/jetbrains/androidx/lifecycle/lifecycle-viewmodel/2.8.0-rc01/lifecycle-viewmodel-2.8.0-rc01.pom.sha512 for the dependency org.jetbrains.androidx.lifecycle:lifecycle-viewmodel:2.8.0-rc01
00:10.958 DEBUG :amper-standalone-compose-desktop:resolveDependenciesJvm DependencyFile            Downloaded https://repo1.maven.org/maven2/org/jetbrains/compose/annotation-internal/annotation/1.6.10-rc01/annotation-1.6.10-rc01.module for the dependency org.jetbrains.compose.annotation-internal:annotation:1.6.10-rc01
00:10.963 DEBUG :amper-standalone-compose-desktop:resolveDependenciesJvm DependencyFile            Downloaded https://repo1.maven.org/maven2/org/jetbrains/androidx/lifecycle/lifecycle-runtime-compose/2.8.0-rc01/lifecycle-runtime-compose-2.8.0-rc01.module for the dependency org.jetbrains.androidx.lifecycle:lifecycle-runtime-compose:2.8.0-rc01
00:10.976 DEBUG :amper-standalone-compose-desktop:resolveDependenciesJvm DependencyFile            Downloaded https://repo1.maven.org/maven2/org/jetbrains/compose/collection-internal/collection/1.6.10-rc01/collection-1.6.10-rc01.module for the dependency org.jetbrains.compose.collection-internal:collection:1.6.10-rc01
00:11.026 DEBUG :amper-standalone-compose-desktop:resolveDependenciesJvm DependencyFile            Not found URL: https://repo1.maven.org/maven2/org/jetbrains/kotlin/kotlin-stdlib-jdk8/1.9.23/kotlin-stdlib-jdk8-1.9.23.pom.sha256
00:11.800 DEBUG :amper-standalone-compose-desktop:resolveDependenciesJvm DependencyFile            Downloaded https://repo1.maven.org/maven2/org/jetbrains/kotlin/kotlin-stdlib-common/1.9.23/kotlin-stdlib-common-1.9.23.pom.sha1 for the dependency org.jetbrains.kotlin:kotlin-stdlib-common:1.9.23
00:11.814 DEBUG :amper-standalone-compose-desktop:resolveDependenciesJvm DependencyFile            Downloaded https://repo1.maven.org/maven2/org/jetbrains/kotlinx/atomicfu/0.23.2/atomicfu-0.23.2.pom.sha1 for the dependency org.jetbrains.kotlinx:atomicfu:0.23.2
00:11.913 DEBUG :amper-standalone-compose-desktop:resolveDependenciesJvm DependencyFile            Downloaded https://repo1.maven.org/maven2/org/jetbrains/compose/annotation-internal/annotation/1.6.10-rc01/annotation-1.6.10-rc01.module.sha512 for the dependency org.jetbrains.compose.annotation-internal:annotation:1.6.10-rc01
00:11.922 DEBUG :amper-standalone-compose-desktop:resolveDependenciesJvm DependencyFile            Downloaded https://repo1.maven.org/maven2/org/jetbrains/androidx/lifecycle/lifecycle-runtime/2.8.0-rc01/lifecycle-runtime-2.8.0-rc01.module for the dependency org.jetbrains.androidx.lifecycle:lifecycle-runtime:2.8.0-rc01
00:11.928 DEBUG :amper-standalone-compose-desktop:resolveDependenciesJvm DependencyFile            Downloaded https://repo1.maven.org/maven2/org/jetbrains/androidx/lifecycle/lifecycle-viewmodel/2.8.0-rc01/lifecycle-viewmodel-2.8.0-rc01.module for the dependency org.jetbrains.androidx.lifecycle:lifecycle-viewmodel:2.8.0-rc01
00:11.931 DEBUG :amper-standalone-compose-desktop:resolveDependenciesJvm DependencyFile            Downloaded https://repo1.maven.org/maven2/org/jetbrains/androidx/lifecycle/lifecycle-runtime-compose/2.8.0-rc01/lifecycle-runtime-compose-2.8.0-rc01.module.sha512 for the dependency org.jetbrains.androidx.lifecycle:lifecycle-runtime-compose:2.8.0-rc01
00:11.957 DEBUG :amper-standalone-compose-desktop:resolveDependenciesJvm DependencyFile            Downloaded https://repo1.maven.org/maven2/org/jetbrains/compose/collection-internal/collection/1.6.10-rc01/collection-1.6.10-rc01.module.sha512 for the dependency org.jetbrains.compose.collection-internal:collection:1.6.10-rc01
00:12.007 DEBUG :amper-standalone-compose-desktop:resolveDependenciesJvm DependencyFile            Downloaded https://repo1.maven.org/maven2/org/jetbrains/kotlin/kotlin-stdlib-jdk8/1.9.23/kotlin-stdlib-jdk8-1.9.23.pom.sha1 for the dependency org.jetbrains.kotlin:kotlin-stdlib-jdk8:1.9.23
00:12.788 DEBUG :amper-standalone-compose-desktop:resolveDependenciesJvm DependencyFile            Downloaded https://repo1.maven.org/maven2/org/jetbrains/kotlinx/atomicfu/0.23.2/atomicfu-0.23.2.module for the dependency org.jetbrains.kotlinx:atomicfu:0.23.2
00:12.791 DEBUG :amper-standalone-compose-desktop:resolveDependenciesJvm DependencyFile            Downloaded https://repo1.maven.org/maven2/org/jetbrains/kotlin/kotlin-stdlib-common/1.9.23/kotlin-stdlib-common-1.9.23.module for the dependency org.jetbrains.kotlin:kotlin-stdlib-common:1.9.23
00:12.850 DEBUG :amper-standalone-compose-desktop:resolveDependenciesJvm DependencyFile            Not found URL: https://repo1.maven.org/maven2/androidx/collection/collection/1.4.0/collection-1.4.0.pom
00:12.883 DEBUG :amper-standalone-compose-desktop:resolveDependenciesJvm DependencyFile            Downloaded https://repo1.maven.org/maven2/org/jetbrains/androidx/lifecycle/lifecycle-runtime-compose-desktop/2.8.0-rc01/lifecycle-runtime-compose-desktop-2.8.0-rc01.pom for the dependency org.jetbrains.androidx.lifecycle:lifecycle-runtime-compose-desktop:2.8.0-rc01
00:12.913 DEBUG :amper-standalone-compose-desktop:resolveDependenciesJvm DependencyFile            Downloaded https://repo1.maven.org/maven2/org/jetbrains/androidx/lifecycle/lifecycle-runtime/2.8.0-rc01/lifecycle-runtime-2.8.0-rc01.module.sha512 for the dependency org.jetbrains.androidx.lifecycle:lifecycle-runtime:2.8.0-rc01
00:12.915 DEBUG :amper-standalone-compose-desktop:resolveDependenciesJvm DependencyFile            Downloaded https://repo1.maven.org/maven2/org/jetbrains/kotlin/kotlin-stdlib-jdk7/1.9.23/kotlin-stdlib-jdk7-1.9.23.pom for the dependency org.jetbrains.kotlin:kotlin-stdlib-jdk7:1.9.23
00:12.927 DEBUG :amper-standalone-compose-desktop:resolveDependenciesJvm DependencyFile            Downloaded https://repo1.maven.org/maven2/org/jetbrains/androidx/lifecycle/lifecycle-common/2.8.0-rc01/lifecycle-common-2.8.0-rc01.module for the dependency org.jetbrains.androidx.lifecycle:lifecycle-common:2.8.0-rc01
00:12.968 DEBUG :amper-standalone-compose-desktop:resolveDependenciesJvm DependencyFile            Not found URL: https://repo1.maven.org/maven2/androidx/annotation/annotation/1.8.0-rc01/annotation-1.8.0-rc01.pom
00:13.121 DEBUG :amper-standalone-compose-desktop:resolveDependenciesJvm DependencyFile            Downloaded https://maven.google.com/androidx/collection/collection/1.4.0/collection-1.4.0.pom for the dependency androidx.collection:collection:1.4.0
00:13.269 DEBUG :amper-standalone-compose-desktop:resolveDependenciesJvm DependencyFile            Downloaded https://maven.google.com/androidx/annotation/annotation/1.8.0-rc01/annotation-1.8.0-rc01.pom for the dependency androidx.annotation:annotation:1.8.0-rc01
00:13.376 DEBUG :amper-standalone-compose-desktop:resolveDependenciesJvm DependencyFile            Downloaded https://maven.google.com/androidx/collection/collection/1.4.0/collection-1.4.0.pom.sha512 for the dependency androidx.collection:collection:1.4.0
00:13.730 DEBUG :amper-standalone-compose-desktop:resolveDependenciesJvm DependencyFile            Not found URL: https://repo1.maven.org/maven2/org/jetbrains/kotlin/kotlin-stdlib-common/1.9.23/kotlin-stdlib-common-1.9.23.module.sha512
00:13.739 DEBUG :amper-standalone-compose-desktop:resolveDependenciesJvm DependencyFile            Not found URL: https://repo1.maven.org/maven2/org/jetbrains/kotlinx/atomicfu/0.23.2/atomicfu-0.23.2.module.sha512
00:13.802 DEBUG :amper-standalone-compose-desktop:resolveDependenciesJvm DependencyFile            Downloaded https://maven.google.com/androidx/annotation/annotation/1.8.0-rc01/annotation-1.8.0-rc01.pom.sha512 for the dependency androidx.annotation:annotation:1.8.0-rc01
00:13.870 DEBUG :amper-standalone-compose-desktop:resolveDependenciesJvm DependencyFile            Downloaded https://repo1.maven.org/maven2/org/jetbrains/androidx/lifecycle/lifecycle-common/2.8.0-rc01/lifecycle-common-2.8.0-rc01.module.sha512 for the dependency org.jetbrains.androidx.lifecycle:lifecycle-common:2.8.0-rc01
00:13.876 DEBUG :amper-standalone-compose-desktop:resolveDependenciesJvm DependencyFile            Downloaded https://repo1.maven.org/maven2/org/jetbrains/androidx/lifecycle/lifecycle-runtime-compose-desktop/2.8.0-rc01/lifecycle-runtime-compose-desktop-2.8.0-rc01.pom.sha512 for the dependency org.jetbrains.androidx.lifecycle:lifecycle-runtime-compose-desktop:2.8.0-rc01
00:13.910 DEBUG :amper-standalone-compose-desktop:resolveDependenciesJvm DependencyFile            Not found URL: https://repo1.maven.org/maven2/androidx/lifecycle/lifecycle-runtime/2.8.0-rc01/lifecycle-runtime-2.8.0-rc01.pom
00:13.990 DEBUG :amper-standalone-compose-desktop:resolveDependenciesJvm DependencyFile            Not found URL: https://repo1.maven.org/maven2/org/jetbrains/kotlin/kotlin-stdlib-jdk7/1.9.23/kotlin-stdlib-jdk7-1.9.23.pom.sha512
00:14.393 DEBUG :amper-standalone-compose-desktop:resolveDependenciesJvm DependencyFile            Downloaded https://maven.google.com/androidx/lifecycle/lifecycle-runtime/2.8.0-rc01/lifecycle-runtime-2.8.0-rc01.pom for the dependency androidx.lifecycle:lifecycle-runtime:2.8.0-rc01
00:14.396 DEBUG :amper-standalone-compose-desktop:resolveDependenciesJvm DependencyFile            Not found URL: https://repo1.maven.org/maven2/androidx/collection/collection/1.4.0/collection-1.4.0.module
00:14.627 DEBUG :amper-standalone-compose-desktop:resolveDependenciesJvm DependencyFile            Not found URL: https://repo1.maven.org/maven2/org/jetbrains/kotlin/kotlin-stdlib-common/1.9.23/kotlin-stdlib-common-1.9.23.module.sha256
00:14.639 DEBUG :amper-standalone-compose-desktop:resolveDependenciesJvm DependencyFile            Not found URL: https://repo1.maven.org/maven2/org/jetbrains/kotlinx/atomicfu/0.23.2/atomicfu-0.23.2.module.sha256
00:14.655 DEBUG :amper-standalone-compose-desktop:resolveDependenciesJvm DependencyFile            Downloaded https://maven.google.com/androidx/collection/collection/1.4.0/collection-1.4.0.module for the dependency androidx.collection:collection:1.4.0
00:14.815 DEBUG :amper-standalone-compose-desktop:resolveDependenciesJvm DependencyFile            Downloaded https://repo1.maven.org/maven2/org/jetbrains/androidx/lifecycle/lifecycle-runtime-compose-desktop/2.8.0-rc01/lifecycle-runtime-compose-desktop-2.8.0-rc01.module for the dependency org.jetbrains.androidx.lifecycle:lifecycle-runtime-compose-desktop:2.8.0-rc01
00:14.853 DEBUG :amper-standalone-compose-desktop:resolveDependenciesJvm DependencyFile            Not found URL: https://repo1.maven.org/maven2/androidx/lifecycle/lifecycle-common/2.8.0-rc01/lifecycle-common-2.8.0-rc01.pom
00:14.884 DEBUG :amper-standalone-compose-desktop:resolveDependenciesJvm DependencyFile            Not found URL: https://repo1.maven.org/maven2/androidx/annotation/annotation/1.8.0-rc01/annotation-1.8.0-rc01.module
00:14.969 DEBUG :amper-standalone-compose-desktop:resolveDependenciesJvm DependencyFile            Not found URL: https://repo1.maven.org/maven2/org/jetbrains/kotlin/kotlin-stdlib-jdk7/1.9.23/kotlin-stdlib-jdk7-1.9.23.pom.sha256
00:14.976 DEBUG :amper-standalone-compose-desktop:resolveDependenciesJvm DependencyFile            Downloaded https://maven.google.com/androidx/lifecycle/lifecycle-runtime/2.8.0-rc01/lifecycle-runtime-2.8.0-rc01.pom.sha512 for the dependency androidx.lifecycle:lifecycle-runtime:2.8.0-rc01
00:15.196 DEBUG :amper-standalone-compose-desktop:resolveDependenciesJvm DependencyFile            Downloaded https://maven.google.com/androidx/collection/collection/1.4.0/collection-1.4.0.module.sha512 for the dependency androidx.collection:collection:1.4.0
00:15.329 DEBUG :amper-standalone-compose-desktop:resolveDependenciesJvm DependencyFile            Downloaded https://maven.google.com/androidx/lifecycle/lifecycle-common/2.8.0-rc01/lifecycle-common-2.8.0-rc01.pom for the dependency androidx.lifecycle:lifecycle-common:2.8.0-rc01
00:15.393 DEBUG :amper-standalone-compose-desktop:resolveDependenciesJvm DependencyFile            Downloaded https://maven.google.com/androidx/annotation/annotation/1.8.0-rc01/annotation-1.8.0-rc01.module for the dependency androidx.annotation:annotation:1.8.0-rc01
00:15.523 DEBUG :amper-standalone-compose-desktop:resolveDependenciesJvm DependencyFile            Downloaded https://repo1.maven.org/maven2/org/jetbrains/kotlin/kotlin-stdlib-common/1.9.23/kotlin-stdlib-common-1.9.23.module.sha1 for the dependency org.jetbrains.kotlin:kotlin-stdlib-common:1.9.23
00:15.606 DEBUG :amper-standalone-compose-desktop:resolveDependenciesJvm DependencyFile            Downloaded https://repo1.maven.org/maven2/org/jetbrains/kotlinx/atomicfu/0.23.2/atomicfu-0.23.2.module.sha1 for the dependency org.jetbrains.kotlinx:atomicfu:0.23.2
00:15.798 DEBUG :amper-standalone-compose-desktop:resolveDependenciesJvm DependencyFile            Downloaded https://repo1.maven.org/maven2/org/jetbrains/androidx/lifecycle/lifecycle-runtime-compose-desktop/2.8.0-rc01/lifecycle-runtime-compose-desktop-2.8.0-rc01.module.sha512 for the dependency org.jetbrains.androidx.lifecycle:lifecycle-runtime-compose-desktop:2.8.0-rc01
00:15.799 DEBUG :amper-standalone-compose-desktop:resolveDependenciesJvm DependencyFile            Downloaded https://maven.google.com/androidx/lifecycle/lifecycle-common/2.8.0-rc01/lifecycle-common-2.8.0-rc01.pom.sha512 for the dependency androidx.lifecycle:lifecycle-common:2.8.0-rc01
00:15.951 DEBUG :amper-standalone-compose-desktop:resolveDependenciesJvm DependencyFile            Downloaded https://maven.google.com/androidx/annotation/annotation/1.8.0-rc01/annotation-1.8.0-rc01.module.sha512 for the dependency androidx.annotation:annotation:1.8.0-rc01
00:15.951 DEBUG :amper-standalone-compose-desktop:resolveDependenciesJvm DependencyFile            Downloaded https://repo1.maven.org/maven2/org/jetbrains/kotlin/kotlin-stdlib-jdk7/1.9.23/kotlin-stdlib-jdk7-1.9.23.pom.sha1 for the dependency org.jetbrains.kotlin:kotlin-stdlib-jdk7:1.9.23
00:15.996 DEBUG :amper-standalone-compose-desktop:resolveDependenciesJvm DependencyFile            Not found URL: https://repo1.maven.org/maven2/androidx/lifecycle/lifecycle-runtime/2.8.0-rc01/lifecycle-runtime-2.8.0-rc01.module
00:16.196 DEBUG :amper-standalone-compose-desktop:resolveDependenciesJvm DependencyFile            Not found URL: https://repo1.maven.org/maven2/androidx/collection/collection-jvm/1.4.0/collection-jvm-1.4.0.pom
00:16.277 DEBUG :amper-standalone-compose-desktop:resolveDependenciesJvm DependencyFile            Downloaded https://maven.google.com/androidx/lifecycle/lifecycle-runtime/2.8.0-rc01/lifecycle-runtime-2.8.0-rc01.module for the dependency androidx.lifecycle:lifecycle-runtime:2.8.0-rc01
00:16.457 DEBUG :amper-standalone-compose-desktop:resolveDependenciesJvm DependencyFile            Downloaded https://maven.google.com/androidx/collection/collection-jvm/1.4.0/collection-jvm-1.4.0.pom for the dependency androidx.collection:collection-jvm:1.4.0
00:16.498 DEBUG :amper-standalone-compose-desktop:resolveDependenciesJvm DependencyFile            Downloaded https://repo1.maven.org/maven2/org/jetbrains/kotlinx/atomicfu-jvm/0.23.2/atomicfu-jvm-0.23.2.pom for the dependency org.jetbrains.kotlinx:atomicfu-jvm:0.23.2
00:16.773 DEBUG :amper-standalone-compose-desktop:resolveDependenciesJvm DependencyFile            Downloaded https://maven.google.com/androidx/collection/collection-jvm/1.4.0/collection-jvm-1.4.0.pom.sha512 for the dependency androidx.collection:collection-jvm:1.4.0
00:16.790 DEBUG :amper-standalone-compose-desktop:resolveDependenciesJvm DependencyFile            Downloaded https://maven.google.com/androidx/lifecycle/lifecycle-runtime/2.8.0-rc01/lifecycle-runtime-2.8.0-rc01.module.sha512 for the dependency androidx.lifecycle:lifecycle-runtime:2.8.0-rc01
00:16.821 DEBUG :amper-standalone-compose-desktop:resolveDependenciesJvm DependencyFile            Not found URL: https://repo1.maven.org/maven2/androidx/lifecycle/lifecycle-common/2.8.0-rc01/lifecycle-common-2.8.0-rc01.module
00:17.039 DEBUG :amper-standalone-compose-desktop:resolveDependenciesJvm DependencyFile            Not found URL: https://repo1.maven.org/maven2/androidx/annotation/annotation-jvm/1.8.0-rc01/annotation-jvm-1.8.0-rc01.pom
00:17.106 DEBUG :amper-standalone-compose-desktop:resolveDependenciesJvm DependencyFile            Downloaded https://maven.google.com/androidx/lifecycle/lifecycle-common/2.8.0-rc01/lifecycle-common-2.8.0-rc01.module for the dependency androidx.lifecycle:lifecycle-common:2.8.0-rc01
00:17.307 DEBUG :amper-standalone-compose-desktop:resolveDependenciesJvm DependencyFile            Downloaded https://maven.google.com/androidx/annotation/annotation-jvm/1.8.0-rc01/annotation-jvm-1.8.0-rc01.pom for the dependency androidx.annotation:annotation-jvm:1.8.0-rc01
00:17.564 DEBUG :amper-standalone-compose-desktop:resolveDependenciesJvm DependencyFile            Not found URL: https://repo1.maven.org/maven2/org/jetbrains/kotlinx/atomicfu-jvm/0.23.2/atomicfu-jvm-0.23.2.pom.sha512
00:17.639 DEBUG :amper-standalone-compose-desktop:resolveDependenciesJvm DependencyFile            Downloaded https://maven.google.com/androidx/lifecycle/lifecycle-common/2.8.0-rc01/lifecycle-common-2.8.0-rc01.module.sha512 for the dependency androidx.lifecycle:lifecycle-common:2.8.0-rc01
00:17.769 DEBUG :amper-standalone-compose-desktop:resolveDependenciesJvm DependencyFile            Not found URL: https://repo1.maven.org/maven2/androidx/collection/collection-jvm/1.4.0/collection-jvm-1.4.0.module
00:17.843 DEBUG :amper-standalone-compose-desktop:resolveDependenciesJvm DependencyFile            Downloaded https://maven.google.com/androidx/annotation/annotation-jvm/1.8.0-rc01/annotation-jvm-1.8.0-rc01.pom.sha512 for the dependency androidx.annotation:annotation-jvm:1.8.0-rc01
00:17.873 DEBUG :amper-standalone-compose-desktop:resolveDependenciesJvm DependencyFile            Not found URL: https://repo1.maven.org/maven2/androidx/lifecycle/lifecycle-runtime-desktop/2.8.0-rc01/lifecycle-runtime-desktop-2.8.0-rc01.pom
00:18.023 DEBUG :amper-standalone-compose-desktop:resolveDependenciesJvm DependencyFile            Downloaded https://maven.google.com/androidx/collection/collection-jvm/1.4.0/collection-jvm-1.4.0.module for the dependency androidx.collection:collection-jvm:1.4.0
00:18.444 DEBUG :amper-standalone-compose-desktop:resolveDependenciesJvm DependencyFile            Downloaded https://maven.google.com/androidx/lifecycle/lifecycle-runtime-desktop/2.8.0-rc01/lifecycle-runtime-desktop-2.8.0-rc01.pom for the dependency androidx.lifecycle:lifecycle-runtime-desktop:2.8.0-rc01
00:18.506 DEBUG :amper-standalone-compose-desktop:resolveDependenciesJvm DependencyFile            Downloaded https://maven.google.com/androidx/collection/collection-jvm/1.4.0/collection-jvm-1.4.0.module.sha512 for the dependency androidx.collection:collection-jvm:1.4.0
00:18.595 DEBUG :amper-standalone-compose-desktop:resolveDependenciesJvm DependencyFile            Not found URL: https://repo1.maven.org/maven2/org/jetbrains/kotlinx/atomicfu-jvm/0.23.2/atomicfu-jvm-0.23.2.pom.sha256
00:18.734 DEBUG :amper-standalone-compose-desktop:resolveDependenciesJvm DependencyFile            Not found URL: https://repo1.maven.org/maven2/androidx/lifecycle/lifecycle-common-jvm/2.8.0-rc01/lifecycle-common-jvm-2.8.0-rc01.pom
00:19.009 DEBUG :amper-standalone-compose-desktop:resolveDependenciesJvm DependencyFile            Downloaded https://maven.google.com/androidx/lifecycle/lifecycle-runtime-desktop/2.8.0-rc01/lifecycle-runtime-desktop-2.8.0-rc01.pom.sha512 for the dependency androidx.lifecycle:lifecycle-runtime-desktop:2.8.0-rc01
00:19.014 DEBUG :amper-standalone-compose-desktop:resolveDependenciesJvm DependencyFile            Downloaded https://maven.google.com/androidx/lifecycle/lifecycle-common-jvm/2.8.0-rc01/lifecycle-common-jvm-2.8.0-rc01.pom for the dependency androidx.lifecycle:lifecycle-common-jvm:2.8.0-rc01
00:19.493 DEBUG :amper-standalone-compose-desktop:resolveDependenciesJvm DependencyFile            Downloaded https://repo1.maven.org/maven2/org/jetbrains/kotlinx/atomicfu-jvm/0.23.2/atomicfu-jvm-0.23.2.pom.sha1 for the dependency org.jetbrains.kotlinx:atomicfu-jvm:0.23.2
00:19.586 DEBUG :amper-standalone-compose-desktop:resolveDependenciesJvm DependencyFile            Downloaded https://maven.google.com/androidx/lifecycle/lifecycle-common-jvm/2.8.0-rc01/lifecycle-common-jvm-2.8.0-rc01.pom.sha512 for the dependency androidx.lifecycle:lifecycle-common-jvm:2.8.0-rc01
00:20.095 DEBUG :amper-standalone-compose-desktop:resolveDependenciesJvm DependencyFile            Not found URL: https://repo1.maven.org/maven2/androidx/lifecycle/lifecycle-runtime-desktop/2.8.0-rc01/lifecycle-runtime-desktop-2.8.0-rc01.module
00:20.362 DEBUG :amper-standalone-compose-desktop:resolveDependenciesJvm DependencyFile            Downloaded https://maven.google.com/androidx/lifecycle/lifecycle-runtime-desktop/2.8.0-rc01/lifecycle-runtime-desktop-2.8.0-rc01.module for the dependency androidx.lifecycle:lifecycle-runtime-desktop:2.8.0-rc01
00:20.390 DEBUG :amper-standalone-compose-desktop:resolveDependenciesJvm DependencyFile            Downloaded https://repo1.maven.org/maven2/org/jetbrains/kotlinx/atomicfu-jvm/0.23.2/atomicfu-jvm-0.23.2.module for the dependency org.jetbrains.kotlinx:atomicfu-jvm:0.23.2
00:20.564 DEBUG :amper-standalone-compose-desktop:resolveDependenciesJvm DependencyFile            Not found URL: https://repo1.maven.org/maven2/androidx/lifecycle/lifecycle-common-jvm/2.8.0-rc01/lifecycle-common-jvm-2.8.0-rc01.module
00:20.846 DEBUG :amper-standalone-compose-desktop:resolveDependenciesJvm DependencyFile            Downloaded https://maven.google.com/androidx/lifecycle/lifecycle-common-jvm/2.8.0-rc01/lifecycle-common-jvm-2.8.0-rc01.module for the dependency androidx.lifecycle:lifecycle-common-jvm:2.8.0-rc01
00:20.921 DEBUG :amper-standalone-compose-desktop:resolveDependenciesJvm DependencyFile            Downloaded https://maven.google.com/androidx/lifecycle/lifecycle-runtime-desktop/2.8.0-rc01/lifecycle-runtime-desktop-2.8.0-rc01.module.sha512 for the dependency androidx.lifecycle:lifecycle-runtime-desktop:2.8.0-rc01
00:21.402 DEBUG :amper-standalone-compose-desktop:resolveDependenciesJvm DependencyFile            Not found URL: https://repo1.maven.org/maven2/org/jetbrains/kotlinx/atomicfu-jvm/0.23.2/atomicfu-jvm-0.23.2.module.sha512
00:21.420 DEBUG :amper-standalone-compose-desktop:resolveDependenciesJvm DependencyFile            Downloaded https://maven.google.com/androidx/lifecycle/lifecycle-common-jvm/2.8.0-rc01/lifecycle-common-jvm-2.8.0-rc01.module.sha512 for the dependency androidx.lifecycle:lifecycle-common-jvm:2.8.0-rc01
00:21.977 DEBUG :amper-standalone-compose-desktop:resolveDependenciesJvm DependencyFile            Not found URL: https://repo1.maven.org/maven2/androidx/arch/core/core-common/2.2.0/core-common-2.2.0.pom
00:22.230 DEBUG :amper-standalone-compose-desktop:resolveDependenciesJvm DependencyFile            Downloaded https://maven.google.com/androidx/arch/core/core-common/2.2.0/core-common-2.2.0.pom for the dependency androidx.arch.core:core-common:2.2.0
00:22.401 DEBUG :amper-standalone-compose-desktop:resolveDependenciesJvm DependencyFile            Not found URL: https://repo1.maven.org/maven2/org/jetbrains/kotlinx/atomicfu-jvm/0.23.2/atomicfu-jvm-0.23.2.module.sha256
00:22.515 DEBUG :amper-standalone-compose-desktop:resolveDependenciesJvm DependencyFile            Downloaded https://maven.google.com/androidx/arch/core/core-common/2.2.0/core-common-2.2.0.pom.sha512 for the dependency androidx.arch.core:core-common:2.2.0
00:23.357 DEBUG :amper-standalone-compose-desktop:resolveDependenciesJvm DependencyFile            Downloaded https://repo1.maven.org/maven2/org/jetbrains/kotlinx/atomicfu-jvm/0.23.2/atomicfu-jvm-0.23.2.module.sha1 for the dependency org.jetbrains.kotlinx:atomicfu-jvm:0.23.2
00:23.561 DEBUG :amper-standalone-compose-desktop:resolveDependenciesJvm DependencyFile            Not found URL: https://repo1.maven.org/maven2/androidx/arch/core/core-common/2.2.0/core-common-2.2.0.module
00:23.818 DEBUG :amper-standalone-compose-desktop:resolveDependenciesJvm DependencyFile            Downloaded https://maven.google.com/androidx/arch/core/core-common/2.2.0/core-common-2.2.0.module for the dependency androidx.arch.core:core-common:2.2.0
00:24.088 DEBUG :amper-standalone-compose-desktop:resolveDependenciesJvm DependencyFile            Downloaded https://maven.google.com/androidx/arch/core/core-common/2.2.0/core-common-2.2.0.module.sha512 for the dependency androidx.arch.core:core-common:2.2.0
00:25.721 DEBUG :amper-standalone-compose-desktop:resolveDependenciesJvm DependencyFile            Downloaded https://repo1.maven.org/maven2/org/jetbrains/androidx/lifecycle/lifecycle-viewmodel/2.8.0-rc01/lifecycle-viewmodel-2.8.0-rc01.module.sha512 for the dependency org.jetbrains.androidx.lifecycle:lifecycle-viewmodel:2.8.0-rc01
00:26.813 DEBUG :amper-standalone-compose-desktop:resolveDependenciesJvm DependencyFile            Not found URL: https://repo1.maven.org/maven2/androidx/lifecycle/lifecycle-viewmodel/2.8.0-rc01/lifecycle-viewmodel-2.8.0-rc01.pom
00:27.084 DEBUG :amper-standalone-compose-desktop:resolveDependenciesJvm DependencyFile            Downloaded https://maven.google.com/androidx/lifecycle/lifecycle-viewmodel/2.8.0-rc01/lifecycle-viewmodel-2.8.0-rc01.pom for the dependency androidx.lifecycle:lifecycle-viewmodel:2.8.0-rc01
00:27.676 DEBUG :amper-standalone-compose-desktop:resolveDependenciesJvm DependencyFile            Downloaded https://maven.google.com/androidx/lifecycle/lifecycle-viewmodel/2.8.0-rc01/lifecycle-viewmodel-2.8.0-rc01.pom.sha512 for the dependency androidx.lifecycle:lifecycle-viewmodel:2.8.0-rc01
00:28.833 DEBUG :amper-standalone-compose-desktop:resolveDependenciesJvm DependencyFile            Not found URL: https://repo1.maven.org/maven2/androidx/lifecycle/lifecycle-viewmodel/2.8.0-rc01/lifecycle-viewmodel-2.8.0-rc01.module
00:29.135 DEBUG :amper-standalone-compose-desktop:resolveDependenciesJvm DependencyFile            Downloaded https://maven.google.com/androidx/lifecycle/lifecycle-viewmodel/2.8.0-rc01/lifecycle-viewmodel-2.8.0-rc01.module for the dependency androidx.lifecycle:lifecycle-viewmodel:2.8.0-rc01
00:29.721 DEBUG :amper-standalone-compose-desktop:resolveDependenciesJvm DependencyFile            Downloaded https://maven.google.com/androidx/lifecycle/lifecycle-viewmodel/2.8.0-rc01/lifecycle-viewmodel-2.8.0-rc01.module.sha512 for the dependency androidx.lifecycle:lifecycle-viewmodel:2.8.0-rc01
00:30.793 DEBUG :amper-standalone-compose-desktop:resolveDependenciesJvm DependencyFile            Not found URL: https://repo1.maven.org/maven2/androidx/lifecycle/lifecycle-viewmodel-desktop/2.8.0-rc01/lifecycle-viewmodel-desktop-2.8.0-rc01.pom
00:31.056 DEBUG :amper-standalone-compose-desktop:resolveDependenciesJvm DependencyFile            Downloaded https://maven.google.com/androidx/lifecycle/lifecycle-viewmodel-desktop/2.8.0-rc01/lifecycle-viewmodel-desktop-2.8.0-rc01.pom for the dependency androidx.lifecycle:lifecycle-viewmodel-desktop:2.8.0-rc01
00:31.773 DEBUG :amper-standalone-compose-desktop:resolveDependenciesJvm DependencyFile            Downloaded https://maven.google.com/androidx/lifecycle/lifecycle-viewmodel-desktop/2.8.0-rc01/lifecycle-viewmodel-desktop-2.8.0-rc01.pom.sha512 for the dependency androidx.lifecycle:lifecycle-viewmodel-desktop:2.8.0-rc01
00:32.916 DEBUG :amper-standalone-compose-desktop:resolveDependenciesJvm DependencyFile            Not found URL: https://repo1.maven.org/maven2/androidx/lifecycle/lifecycle-viewmodel-desktop/2.8.0-rc01/lifecycle-viewmodel-desktop-2.8.0-rc01.module
00:33.185 DEBUG :amper-standalone-compose-desktop:resolveDependenciesJvm DependencyFile            Downloaded https://maven.google.com/androidx/lifecycle/lifecycle-viewmodel-desktop/2.8.0-rc01/lifecycle-viewmodel-desktop-2.8.0-rc01.module for the dependency androidx.lifecycle:lifecycle-viewmodel-desktop:2.8.0-rc01
00:33.661 DEBUG :amper-standalone-compose-desktop:resolveDependenciesJvm DependencyFile            Downloaded https://maven.google.com/androidx/lifecycle/lifecycle-viewmodel-desktop/2.8.0-rc01/lifecycle-viewmodel-desktop-2.8.0-rc01.module.sha512 for the dependency androidx.lifecycle:lifecycle-viewmodel-desktop:2.8.0-rc01
00:34.758 DEBUG :amper-standalone-compose-desktop:resolveDependenciesJvm DependencyFile            Not found URL: https://repo1.maven.org/maven2/androidx/annotation/annotation-jvm/1.8.0-rc01/annotation-jvm-1.8.0-rc01.module
00:35.021 DEBUG :amper-standalone-compose-desktop:resolveDependenciesJvm DependencyFile            Downloaded https://maven.google.com/androidx/annotation/annotation-jvm/1.8.0-rc01/annotation-jvm-1.8.0-rc01.module for the dependency androidx.annotation:annotation-jvm:1.8.0-rc01
00:35.378 DEBUG :amper-standalone-compose-desktop:resolveDependenciesJvm DependencyFile            Downloaded https://maven.google.com/androidx/annotation/annotation-jvm/1.8.0-rc01/annotation-jvm-1.8.0-rc01.module.sha512 for the dependency androidx.annotation:annotation-jvm:1.8.0-rc01
00:36.302 DEBUG :amper-standalone-compose-desktop:resolveDependenciesJvm DependencyFile            Downloaded https://repo1.maven.org/maven2/org/jetbrains/kotlin/kotlin-stdlib-jdk8/1.9.23/kotlin-stdlib-jdk8-1.9.23.jar for the dependency org.jetbrains.kotlin:kotlin-stdlib-jdk8:1.9.23
00:36.388 DEBUG :amper-standalone-compose-desktop:resolveDependenciesJvm DependencyFile            Downloaded https://repo1.maven.org/maven2/org/jetbrains/kotlin/kotlin-stdlib-jdk7/1.9.23/kotlin-stdlib-jdk7-1.9.23.jar for the dependency org.jetbrains.kotlin:kotlin-stdlib-jdk7:1.9.23
00:36.419 DEBUG :amper-standalone-compose-desktop:resolveDependenciesJvm DependencyFile            Not found URL: https://repo1.maven.org/maven2/androidx/collection/collection-jvm/1.4.0/collection-jvm-1.4.0.jar
00:36.433 DEBUG :amper-standalone-compose-desktop:resolveDependenciesJvm DependencyFile            Not found URL: https://repo1.maven.org/maven2/androidx/annotation/annotation-jvm/1.8.0-rc01/annotation-jvm-1.8.0-rc01.jar
00:36.441 DEBUG :amper-standalone-compose-desktop:resolveDependenciesJvm DependencyFile            Not found URL: https://repo1.maven.org/maven2/androidx/lifecycle/lifecycle-runtime-desktop/2.8.0-rc01/lifecycle-runtime-desktop-2.8.0-rc01.jar
00:36.474 DEBUG :amper-standalone-compose-desktop:resolveDependenciesJvm DependencyFile            Not found URL: https://repo1.maven.org/maven2/androidx/arch/core/core-common/2.2.0/core-common-2.2.0.jar
00:36.491 DEBUG :amper-standalone-compose-desktop:resolveDependenciesJvm DependencyFile            Not found URL: https://repo1.maven.org/maven2/androidx/lifecycle/lifecycle-common-jvm/2.8.0-rc01/lifecycle-common-jvm-2.8.0-rc01.jar
00:36.511 DEBUG :amper-standalone-compose-desktop:resolveDependenciesJvm DependencyFile            Downloaded https://repo1.maven.org/maven2/org/jetbrains/kotlinx/atomicfu-jvm/0.23.2/atomicfu-jvm-0.23.2.jar for the dependency org.jetbrains.kotlinx:atomicfu-jvm:0.23.2
00:36.550 DEBUG :amper-standalone-compose-desktop:resolveDependenciesJvm DependencyFile            Downloaded https://repo1.maven.org/maven2/org/jetbrains/androidx/lifecycle/lifecycle-runtime-compose-desktop/2.8.0-rc01/lifecycle-runtime-compose-desktop-2.8.0-rc01.jar for the dependency org.jetbrains.androidx.lifecycle:lifecycle-runtime-compose-desktop:2.8.0-rc01
00:36.719 DEBUG :amper-standalone-compose-desktop:resolveDependenciesJvm DependencyFile            Downloaded https://maven.google.com/androidx/lifecycle/lifecycle-runtime-desktop/2.8.0-rc01/lifecycle-runtime-desktop-2.8.0-rc01.jar for the dependency androidx.lifecycle:lifecycle-runtime-desktop:2.8.0-rc01
00:36.728 DEBUG :amper-standalone-compose-desktop:resolveDependenciesJvm DependencyFile            Downloaded https://maven.google.com/androidx/arch/core/core-common/2.2.0/core-common-2.2.0.jar for the dependency androidx.arch.core:core-common:2.2.0
00:36.761 DEBUG :amper-standalone-compose-desktop:resolveDependenciesJvm DependencyFile            Downloaded https://maven.google.com/androidx/annotation/annotation-jvm/1.8.0-rc01/annotation-jvm-1.8.0-rc01.jar for the dependency androidx.annotation:annotation-jvm:1.8.0-rc01
00:36.768 DEBUG :amper-standalone-compose-desktop:resolveDependenciesJvm DependencyFile            Not found URL: https://repo1.maven.org/maven2/androidx/lifecycle/lifecycle-viewmodel-desktop/2.8.0-rc01/lifecycle-viewmodel-desktop-2.8.0-rc01.jar
00:36.807 DEBUG :amper-standalone-compose-desktop:resolveDependenciesJvm DependencyFile            Downloaded https://maven.google.com/androidx/lifecycle/lifecycle-common-jvm/2.8.0-rc01/lifecycle-common-jvm-2.8.0-rc01.jar for the dependency androidx.lifecycle:lifecycle-common-jvm:2.8.0-rc01
00:36.895 DEBUG :amper-standalone-compose-desktop:resolveDependenciesJvm DependencyFile            Downloaded https://maven.google.com/androidx/collection/collection-jvm/1.4.0/collection-jvm-1.4.0.jar for the dependency androidx.collection:collection-jvm:1.4.0
00:37.085 DEBUG :amper-standalone-compose-desktop:resolveDependenciesJvm DependencyFile            Downloaded https://maven.google.com/androidx/lifecycle/lifecycle-viewmodel-desktop/2.8.0-rc01/lifecycle-viewmodel-desktop-2.8.0-rc01.jar for the dependency androidx.lifecycle:lifecycle-viewmodel-desktop:2.8.0-rc01
00:37.368 DEBUG :amper-standalone-compose-desktop:resolveDependenciesJvm DependencyFile            Not found URL: https://repo1.maven.org/maven2/org/jetbrains/kotlin/kotlin-stdlib-jdk7/1.9.23/kotlin-stdlib-jdk7-1.9.23.jar.sha512
00:37.384 DEBUG :amper-standalone-compose-desktop:resolveDependenciesJvm DependencyFile            Not found URL: https://repo1.maven.org/maven2/org/jetbrains/kotlin/kotlin-stdlib-jdk8/1.9.23/kotlin-stdlib-jdk8-1.9.23.jar.sha512
00:38.479 DEBUG :amper-standalone-compose-desktop:resolveDependenciesJvm DependencyFile            Not found URL: https://repo1.maven.org/maven2/org/jetbrains/kotlin/kotlin-stdlib-jdk7/1.9.23/kotlin-stdlib-jdk7-1.9.23.jar.sha256
00:38.528 DEBUG :amper-standalone-compose-desktop:resolveDependenciesJvm DependencyFile            Not found URL: https://repo1.maven.org/maven2/org/jetbrains/kotlin/kotlin-stdlib-jdk8/1.9.23/kotlin-stdlib-jdk8-1.9.23.jar.sha256
00:38.608 DEBUG :amper-standalone-compose-desktop:resolveDependenciesJvm DependencyFile            Downloaded https://repo1.maven.org/maven2/org/jetbrains/skiko/skiko-awt-runtime-macos-x64/0.8.4/skiko-awt-runtime-macos-x64-0.8.4.jar for the dependency org.jetbrains.skiko:skiko-awt-runtime-macos-x64:0.8.4
00:39.415 DEBUG :amper-standalone-compose-desktop:resolveDependenciesJvm DependencyFile            Downloaded https://repo1.maven.org/maven2/org/jetbrains/kotlin/kotlin-stdlib-jdk7/1.9.23/kotlin-stdlib-jdk7-1.9.23.jar.sha1 for the dependency org.jetbrains.kotlin:kotlin-stdlib-jdk7:1.9.23
00:39.464 DEBUG :amper-standalone-compose-desktop:resolveDependenciesJvm DependencyFile            Downloaded https://repo1.maven.org/maven2/org/jetbrains/kotlin/kotlin-stdlib-jdk8/1.9.23/kotlin-stdlib-jdk8-1.9.23.jar.sha1 for the dependency org.jetbrains.kotlin:kotlin-stdlib-jdk8:1.9.23
00:39.570 DEBUG :amper-standalone-compose-desktop:resolveDependenciesJvm DependencyFile            Downloaded https://repo1.maven.org/maven2/org/jetbrains/skiko/skiko-awt-runtime-macos-x64/0.8.4/skiko-awt-runtime-macos-x64-0.8.4.jar.sha512 for the dependency org.jetbrains.skiko:skiko-awt-runtime-macos-x64:0.8.4
00:39.583 INFO  :amper-standalone-compose-desktop:resolveDependenciesJvm ExecuteOnChangedInputs    finished ':amper-standalone-compose-desktop:resolveDependenciesJvm' in 36.384388174s
00:39.645 DEBUG :amper-standalone-compose-desktop:resolveDependenciesJvm ResolveExternalDependenciesTask resolve dependencies amper-standalone-compose-desktop -- jvm -- org.jetbrains.compose.desktop:desktop-jvm-macos-x64:1.6.10-rc01 org.jetbrains.kotlin:kotlin-stdlib:2.0.0-RC3 -- resolvePlatform=JVM nativeTarget=null
https://repo1.maven.org/maven2 https://maven.google.com https://maven.pkg.jetbrains.space/public/p/compose/dev resolved to:
  .m2.cache/org/jetbrains/kotlin/kotlin-stdlib/2.0.0-RC3/kotlin-stdlib-2.0.0-RC3.jar
  .m2.cache/org/jetbrains/annotations/23.0.0/annotations-23.0.0.jar
  .m2.cache/org/jetbrains/compose/desktop/desktop-jvm/1.6.10-rc01/desktop-jvm-1.6.10-rc01.jar
  .m2.cache/org/jetbrains/compose/foundation/foundation-desktop/1.6.10-rc01/foundation-desktop-1.6.10-rc01.jar
  .m2.cache/org/jetbrains/compose/material/material-desktop/1.6.10-rc01/material-desktop-1.6.10-rc01.jar
  .m2.cache/org/jetbrains/compose/runtime/runtime-desktop/1.6.10-rc01/runtime-desktop-1.6.10-rc01.jar
  .m2.cache/org/jetbrains/compose/ui/ui-desktop/1.6.10-rc01/ui-desktop-1.6.10-rc01.jar
  .m2.cache/org/jetbrains/compose/ui/ui-tooling-preview-desktop/1.6.10-rc01/ui-tooling-preview-desktop-1.6.10-rc01.jar
  .m2.cache/org/jetbrains/compose/animation/animation-desktop/1.6.10-rc01/animation-desktop-1.6.10-rc01.jar
  .m2.cache/org/jetbrains/skiko/skiko-awt/0.8.4/skiko-awt-0.8.4.jar
  .m2.cache/org/jetbrains/compose/animation/animation-core-desktop/1.6.10-rc01/animation-core-desktop-1.6.10-rc01.jar
  .m2.cache/org/jetbrains/compose/material/material-icons-core-desktop/1.6.10-rc01/material-icons-core-desktop-1.6.10-rc01.jar
  .m2.cache/org/jetbrains/compose/material/material-ripple-desktop/1.6.10-rc01/material-ripple-desktop-1.6.10-rc01.jar
  .m2.cache/org/jetbrains/compose/ui/ui-text-desktop/1.6.10-rc01/ui-text-desktop-1.6.10-rc01.jar
  .m2.cache/org/jetbrains/kotlinx/kotlinx-coroutines-core-jvm/1.8.0/kotlinx-coroutines-core-jvm-1.8.0.jar
  .m2.cache/org/jetbrains/compose/runtime/runtime-saveable-desktop/1.6.10-rc01/runtime-saveable-desktop-1.6.10-rc01.jar
  .m2.cache/org/jetbrains/compose/ui/ui-geometry-desktop/1.6.10-rc01/ui-geometry-desktop-1.6.10-rc01.jar
  .m2.cache/org/jetbrains/compose/ui/ui-graphics-desktop/1.6.10-rc01/ui-graphics-desktop-1.6.10-rc01.jar
  .m2.cache/org/jetbrains/compose/ui/ui-unit-desktop/1.6.10-rc01/ui-unit-desktop-1.6.10-rc01.jar
  .m2.cache/org/jetbrains/compose/ui/ui-util-desktop/1.6.10-rc01/ui-util-desktop-1.6.10-rc01.jar
  .m2.cache/org/jetbrains/compose/foundation/foundation-layout-desktop/1.6.10-rc01/foundation-layout-desktop-1.6.10-rc01.jar
00:39.649 DEBUG :amper-standalone-compose-desktop:compileJvm JvmCompileTask            compile amper-standalone-compose-desktop -- jvm
00:39.662 INFO  :amper-standalone-compose-desktop:compileJvm Downloader                Downloading https://corretto.aws/downloads/resources/21.0.1.12.1/amazon-corretto-21.0.1.12.1-macosx-x64.tar.gz to /Users/vengateshm/Library/Caches/Amper/download.cache/2d18xuo2vp-amazon-corretto-21.0.1.12.1-macosx-x64.tar.gz
01:05.839 INFO  :amper-standalone-compose-desktop:compileJvm ExtractKt                 Extracting /Users/vengateshm/Library/Caches/Amper/download.cache/2d18xuo2vp-amazon-corretto-21.0.1.12.1-macosx-x64.tar.gz to /Users/vengateshm/Library/Caches/Amper/extract.cache/2d18xuo2vp-amazon-corretto-21.0.1.12.1-macosx-x64.tar.gz.r9rq4v.d
01:07.992 DEBUG :amper-standalone-compose-desktop:compileJvm ExecuteOnChangedInputs    INC: state file is missing or empty at '/Users/vengateshm/KotlinMultiplatform/AmperFleet/amper-standalone-compose-desktop/build/incremental.state/_amper_standalone_compose_desktop_compileJvm-cf1f8fd37f' -> rebuilding
01:07.992 INFO  :amper-standalone-compose-desktop:compileJvm ExecuteOnChangedInputs    building ':amper-standalone-compose-desktop:compileJvm'
01:08.018 DEBUG :amper-standalone-compose-desktop:compileJvm ExecuteOnChangedInputs    INC: state file is missing or empty at '/Users/vengateshm/KotlinMultiplatform/AmperFleet/amper-standalone-compose-desktop/build/incremental.state/resolve_org_jetbrains_kotlin_kotlin_build_tools_impl_2_0_0_RC3-d0becc19d3' -> rebuilding
01:08.018 INFO  :amper-standalone-compose-desktop:compileJvm ExecuteOnChangedInputs    building 'resolve-org.jetbrains.kotlin-kotlin-build-tools-impl-2.0.0-RC3'
01:08.969 DEBUG :amper-standalone-compose-desktop:compileJvm DependencyFile            Downloaded https://repo1.maven.org/maven2/org/jetbrains/kotlin/kotlin-build-tools-impl/2.0.0-RC3/kotlin-build-tools-impl-2.0.0-RC3.pom for the dependency org.jetbrains.kotlin:kotlin-build-tools-impl:2.0.0-RC3
01:10.029 DEBUG :amper-standalone-compose-desktop:compileJvm DependencyFile            Not found URL: https://repo1.maven.org/maven2/org/jetbrains/kotlin/kotlin-build-tools-impl/2.0.0-RC3/kotlin-build-tools-impl-2.0.0-RC3.pom.sha512
01:11.114 DEBUG :amper-standalone-compose-desktop:compileJvm DependencyFile            Not found URL: https://repo1.maven.org/maven2/org/jetbrains/kotlin/kotlin-build-tools-impl/2.0.0-RC3/kotlin-build-tools-impl-2.0.0-RC3.pom.sha256
01:12.113 DEBUG :amper-standalone-compose-desktop:compileJvm DependencyFile            Downloaded https://repo1.maven.org/maven2/org/jetbrains/kotlin/kotlin-build-tools-impl/2.0.0-RC3/kotlin-build-tools-impl-2.0.0-RC3.pom.sha1 for the dependency org.jetbrains.kotlin:kotlin-build-tools-impl:2.0.0-RC3
01:13.115 DEBUG :amper-standalone-compose-desktop:compileJvm DependencyFile            Downloaded https://repo1.maven.org/maven2/org/jetbrains/kotlin/kotlin-scripting-compiler-impl-embeddable/2.0.0-RC3/kotlin-scripting-compiler-impl-embeddable-2.0.0-RC3.pom for the dependency org.jetbrains.kotlin:kotlin-scripting-compiler-impl-embeddable:2.0.0-RC3
01:13.125 DEBUG :amper-standalone-compose-desktop:compileJvm DependencyFile            Downloaded https://repo1.maven.org/maven2/org/jetbrains/kotlin/kotlin-build-tools-api/2.0.0-RC3/kotlin-build-tools-api-2.0.0-RC3.pom for the dependency org.jetbrains.kotlin:kotlin-build-tools-api:2.0.0-RC3
01:13.143 DEBUG :amper-standalone-compose-desktop:compileJvm DependencyFile            Downloaded https://repo1.maven.org/maven2/org/jetbrains/kotlin/kotlin-compiler-embeddable/2.0.0-RC3/kotlin-compiler-embeddable-2.0.0-RC3.pom for the dependency org.jetbrains.kotlin:kotlin-compiler-embeddable:2.0.0-RC3
01:13.149 DEBUG :amper-standalone-compose-desktop:compileJvm DependencyFile            Downloaded https://repo1.maven.org/maven2/org/jetbrains/kotlin/kotlin-compiler-runner/2.0.0-RC3/kotlin-compiler-runner-2.0.0-RC3.pom for the dependency org.jetbrains.kotlin:kotlin-compiler-runner:2.0.0-RC3
01:13.182 DEBUG :amper-standalone-compose-desktop:compileJvm DependencyFile            Downloaded https://repo1.maven.org/maven2/org/jetbrains/kotlin/kotlin-scripting-compiler-embeddable/2.0.0-RC3/kotlin-scripting-compiler-embeddable-2.0.0-RC3.pom for the dependency org.jetbrains.kotlin:kotlin-scripting-compiler-embeddable:2.0.0-RC3
01:14.141 DEBUG :amper-standalone-compose-desktop:compileJvm DependencyFile            Not found URL: https://repo1.maven.org/maven2/org/jetbrains/kotlin/kotlin-scripting-compiler-impl-embeddable/2.0.0-RC3/kotlin-scripting-compiler-impl-embeddable-2.0.0-RC3.pom.sha512
01:14.174 DEBUG :amper-standalone-compose-desktop:compileJvm DependencyFile            Not found URL: https://repo1.maven.org/maven2/org/jetbrains/kotlin/kotlin-compiler-embeddable/2.0.0-RC3/kotlin-compiler-embeddable-2.0.0-RC3.pom.sha512
01:14.179 DEBUG :amper-standalone-compose-desktop:compileJvm DependencyFile            Not found URL: https://repo1.maven.org/maven2/org/jetbrains/kotlin/kotlin-compiler-runner/2.0.0-RC3/kotlin-compiler-runner-2.0.0-RC3.pom.sha512
01:14.189 DEBUG :amper-standalone-compose-desktop:compileJvm DependencyFile            Not found URL: https://repo1.maven.org/maven2/org/jetbrains/kotlin/kotlin-scripting-compiler-embeddable/2.0.0-RC3/kotlin-scripting-compiler-embeddable-2.0.0-RC3.pom.sha512
01:15.110 DEBUG :amper-standalone-compose-desktop:compileJvm DependencyFile            Not found URL: https://repo1.maven.org/maven2/org/jetbrains/kotlin/kotlin-build-tools-api/2.0.0-RC3/kotlin-build-tools-api-2.0.0-RC3.pom.sha512
01:15.164 DEBUG :amper-standalone-compose-desktop:compileJvm DependencyFile            Not found URL: https://repo1.maven.org/maven2/org/jetbrains/kotlin/kotlin-compiler-runner/2.0.0-RC3/kotlin-compiler-runner-2.0.0-RC3.pom.sha256
01:15.193 DEBUG :amper-standalone-compose-desktop:compileJvm DependencyFile            Not found URL: https://repo1.maven.org/maven2/org/jetbrains/kotlin/kotlin-scripting-compiler-impl-embeddable/2.0.0-RC3/kotlin-scripting-compiler-impl-embeddable-2.0.0-RC3.pom.sha256
01:15.196 DEBUG :amper-standalone-compose-desktop:compileJvm DependencyFile            Not found URL: https://repo1.maven.org/maven2/org/jetbrains/kotlin/kotlin-compiler-embeddable/2.0.0-RC3/kotlin-compiler-embeddable-2.0.0-RC3.pom.sha256
01:15.243 DEBUG :amper-standalone-compose-desktop:compileJvm DependencyFile            Not found URL: https://repo1.maven.org/maven2/org/jetbrains/kotlin/kotlin-scripting-compiler-embeddable/2.0.0-RC3/kotlin-scripting-compiler-embeddable-2.0.0-RC3.pom.sha256
01:16.112 DEBUG :amper-standalone-compose-desktop:compileJvm DependencyFile            Not found URL: https://repo1.maven.org/maven2/org/jetbrains/kotlin/kotlin-build-tools-api/2.0.0-RC3/kotlin-build-tools-api-2.0.0-RC3.pom.sha256
01:16.141 DEBUG :amper-standalone-compose-desktop:compileJvm DependencyFile            Downloaded https://repo1.maven.org/maven2/org/jetbrains/kotlin/kotlin-compiler-runner/2.0.0-RC3/kotlin-compiler-runner-2.0.0-RC3.pom.sha1 for the dependency org.jetbrains.kotlin:kotlin-compiler-runner:2.0.0-RC3
01:16.147 DEBUG :amper-standalone-compose-desktop:compileJvm DependencyFile            Downloaded https://repo1.maven.org/maven2/org/jetbrains/kotlin/kotlin-scripting-compiler-impl-embeddable/2.0.0-RC3/kotlin-scripting-compiler-impl-embeddable-2.0.0-RC3.pom.sha1 for the dependency org.jetbrains.kotlin:kotlin-scripting-compiler-impl-embeddable:2.0.0-RC3
01:16.168 DEBUG :amper-standalone-compose-desktop:compileJvm DependencyFile            Downloaded https://repo1.maven.org/maven2/org/jetbrains/kotlin/kotlin-compiler-embeddable/2.0.0-RC3/kotlin-compiler-embeddable-2.0.0-RC3.pom.sha1 for the dependency org.jetbrains.kotlin:kotlin-compiler-embeddable:2.0.0-RC3
01:16.247 DEBUG :amper-standalone-compose-desktop:compileJvm DependencyFile            Downloaded https://repo1.maven.org/maven2/org/jetbrains/kotlin/kotlin-scripting-compiler-embeddable/2.0.0-RC3/kotlin-scripting-compiler-embeddable-2.0.0-RC3.pom.sha1 for the dependency org.jetbrains.kotlin:kotlin-scripting-compiler-embeddable:2.0.0-RC3
01:17.049 DEBUG :amper-standalone-compose-desktop:compileJvm DependencyFile            Downloaded https://repo1.maven.org/maven2/org/jetbrains/kotlin/kotlin-scripting-common/2.0.0-RC3/kotlin-scripting-common-2.0.0-RC3.pom for the dependency org.jetbrains.kotlin:kotlin-scripting-common:2.0.0-RC3
01:17.054 DEBUG :amper-standalone-compose-desktop:compileJvm DependencyFile            Downloaded https://repo1.maven.org/maven2/org/jetbrains/kotlin/kotlin-build-tools-api/2.0.0-RC3/kotlin-build-tools-api-2.0.0-RC3.pom.sha1 for the dependency org.jetbrains.kotlin:kotlin-build-tools-api:2.0.0-RC3
01:17.059 DEBUG :amper-standalone-compose-desktop:compileJvm DependencyFile            Downloaded https://repo1.maven.org/maven2/org/jetbrains/kotlin/kotlin-scripting-jvm/2.0.0-RC3/kotlin-scripting-jvm-2.0.0-RC3.pom for the dependency org.jetbrains.kotlin:kotlin-scripting-jvm:2.0.0-RC3
01:17.078 DEBUG :amper-standalone-compose-desktop:compileJvm DependencyFile            Downloaded https://repo1.maven.org/maven2/org/jetbrains/kotlin/kotlin-script-runtime/2.0.0-RC3/kotlin-script-runtime-2.0.0-RC3.pom for the dependency org.jetbrains.kotlin:kotlin-script-runtime:2.0.0-RC3
01:17.111 DEBUG :amper-standalone-compose-desktop:compileJvm DependencyFile            Downloaded https://repo1.maven.org/maven2/org/jetbrains/kotlinx/kotlinx-coroutines-core-jvm/1.5.0/kotlinx-coroutines-core-jvm-1.5.0.pom for the dependency org.jetbrains.kotlinx:kotlinx-coroutines-core-jvm:1.5.0
01:17.122 DEBUG :amper-standalone-compose-desktop:compileJvm DependencyFile            Downloaded https://repo1.maven.org/maven2/org/jetbrains/kotlin/kotlin-reflect/1.6.10/kotlin-reflect-1.6.10.pom for the dependency org.jetbrains.kotlin:kotlin-reflect:1.6.10
01:17.135 DEBUG :amper-standalone-compose-desktop:compileJvm DependencyFile            Downloaded https://repo1.maven.org/maven2/org/jetbrains/kotlin/kotlin-build-common/2.0.0-RC3/kotlin-build-common-2.0.0-RC3.pom for the dependency org.jetbrains.kotlin:kotlin-build-common:2.0.0-RC3
01:17.140 DEBUG :amper-standalone-compose-desktop:compileJvm DependencyFile            Downloaded https://repo1.maven.org/maven2/org/jetbrains/kotlin/kotlin-daemon-client/2.0.0-RC3/kotlin-daemon-client-2.0.0-RC3.pom for the dependency org.jetbrains.kotlin:kotlin-daemon-client:2.0.0-RC3
01:17.162 DEBUG :amper-standalone-compose-desktop:compileJvm DependencyFile            Downloaded https://repo1.maven.org/maven2/org/jetbrains/kotlin/kotlin-daemon-embeddable/2.0.0-RC3/kotlin-daemon-embeddable-2.0.0-RC3.pom for the dependency org.jetbrains.kotlin:kotlin-daemon-embeddable:2.0.0-RC3
01:18.037 DEBUG :amper-standalone-compose-desktop:compileJvm DependencyFile            Not found URL: https://repo1.maven.org/maven2/org/jetbrains/kotlin/kotlin-scripting-jvm/2.0.0-RC3/kotlin-scripting-jvm-2.0.0-RC3.pom.sha512
01:18.069 DEBUG :amper-standalone-compose-desktop:compileJvm DependencyFile            Not found URL: https://repo1.maven.org/maven2/org/jetbrains/kotlin/kotlin-scripting-common/2.0.0-RC3/kotlin-scripting-common-2.0.0-RC3.pom.sha512
01:18.069 DEBUG :amper-standalone-compose-desktop:compileJvm DependencyFile            Downloaded https://repo1.maven.org/maven2/org/jetbrains/kotlinx/kotlinx-coroutines-core-jvm/1.5.0/kotlinx-coroutines-core-jvm-1.5.0.pom.sha512 for the dependency org.jetbrains.kotlinx:kotlinx-coroutines-core-jvm:1.5.0
01:18.128 DEBUG :amper-standalone-compose-desktop:compileJvm DependencyFile            Not found URL: https://repo1.maven.org/maven2/org/jetbrains/kotlin/kotlin-reflect/1.6.10/kotlin-reflect-1.6.10.pom.sha512
01:18.150 DEBUG :amper-standalone-compose-desktop:compileJvm DependencyFile            Not found URL: https://repo1.maven.org/maven2/org/jetbrains/kotlin/kotlin-script-runtime/2.0.0-RC3/kotlin-script-runtime-2.0.0-RC3.pom.sha512
01:18.152 DEBUG :amper-standalone-compose-desktop:compileJvm DependencyFile            Not found URL: https://repo1.maven.org/maven2/org/jetbrains/kotlin/kotlin-build-common/2.0.0-RC3/kotlin-build-common-2.0.0-RC3.pom.sha512
01:18.165 DEBUG :amper-standalone-compose-desktop:compileJvm DependencyFile            Downloaded https://repo1.maven.org/maven2/org/jetbrains/intellij/deps/trove4j/1.0.20200330/trove4j-1.0.20200330.pom for the dependency org.jetbrains.intellij.deps:trove4j:1.0.20200330
01:18.204 DEBUG :amper-standalone-compose-desktop:compileJvm DependencyFile            Not found URL: https://repo1.maven.org/maven2/org/jetbrains/kotlin/kotlin-daemon-client/2.0.0-RC3/kotlin-daemon-client-2.0.0-RC3.pom.sha512
01:18.243 DEBUG :amper-standalone-compose-desktop:compileJvm DependencyFile            Not found URL: https://repo1.maven.org/maven2/org/jetbrains/kotlin/kotlin-daemon-embeddable/2.0.0-RC3/kotlin-daemon-embeddable-2.0.0-RC3.pom.sha512
01:18.970 DEBUG :amper-standalone-compose-desktop:compileJvm DependencyFile            Downloaded https://repo1.maven.org/maven2/org/jetbrains/kotlinx/kotlinx-coroutines-core-jvm/1.5.0/kotlinx-coroutines-core-jvm-1.5.0.module for the dependency org.jetbrains.kotlinx:kotlinx-coroutines-core-jvm:1.5.0
01:19.067 DEBUG :amper-standalone-compose-desktop:compileJvm DependencyFile            Not found URL: https://repo1.maven.org/maven2/org/jetbrains/kotlin/kotlin-scripting-jvm/2.0.0-RC3/kotlin-scripting-jvm-2.0.0-RC3.pom.sha256
01:19.116 DEBUG :amper-standalone-compose-desktop:compileJvm DependencyFile            Not found URL: https://repo1.maven.org/maven2/org/jetbrains/kotlin/kotlin-scripting-common/2.0.0-RC3/kotlin-scripting-common-2.0.0-RC3.pom.sha256
01:19.175 DEBUG :amper-standalone-compose-desktop:compileJvm DependencyFile            Not found URL: https://repo1.maven.org/maven2/org/jetbrains/kotlin/kotlin-build-common/2.0.0-RC3/kotlin-build-common-2.0.0-RC3.pom.sha256
01:19.176 DEBUG :amper-standalone-compose-desktop:compileJvm DependencyFile            Not found URL: https://repo1.maven.org/maven2/org/jetbrains/intellij/deps/trove4j/1.0.20200330/trove4j-1.0.20200330.pom.sha512
01:19.276 DEBUG :amper-standalone-compose-desktop:compileJvm DependencyFile            Not found URL: https://repo1.maven.org/maven2/org/jetbrains/kotlin/kotlin-reflect/1.6.10/kotlin-reflect-1.6.10.pom.sha256
01:19.280 DEBUG :amper-standalone-compose-desktop:compileJvm DependencyFile            Not found URL: https://repo1.maven.org/maven2/org/jetbrains/kotlin/kotlin-daemon-client/2.0.0-RC3/kotlin-daemon-client-2.0.0-RC3.pom.sha256
01:19.294 DEBUG :amper-standalone-compose-desktop:compileJvm DependencyFile            Not found URL: https://repo1.maven.org/maven2/org/jetbrains/kotlin/kotlin-daemon-embeddable/2.0.0-RC3/kotlin-daemon-embeddable-2.0.0-RC3.pom.sha256
01:19.875 DEBUG :amper-standalone-compose-desktop:compileJvm DependencyFile            Downloaded https://repo1.maven.org/maven2/org/jetbrains/kotlinx/kotlinx-coroutines-core-jvm/1.5.0/kotlinx-coroutines-core-jvm-1.5.0.module.sha512 for the dependency org.jetbrains.kotlinx:kotlinx-coroutines-core-jvm:1.5.0
01:20.121 DEBUG :amper-standalone-compose-desktop:compileJvm DependencyFile            Downloaded https://repo1.maven.org/maven2/org/jetbrains/kotlin/kotlin-scripting-common/2.0.0-RC3/kotlin-scripting-common-2.0.0-RC3.pom.sha1 for the dependency org.jetbrains.kotlin:kotlin-scripting-common:2.0.0-RC3
01:20.127 DEBUG :amper-standalone-compose-desktop:compileJvm DependencyFile            Downloaded https://repo1.maven.org/maven2/org/jetbrains/kotlin/kotlin-build-common/2.0.0-RC3/kotlin-build-common-2.0.0-RC3.pom.sha1 for the dependency org.jetbrains.kotlin:kotlin-build-common:2.0.0-RC3
01:20.158 DEBUG :amper-standalone-compose-desktop:compileJvm DependencyFile            Not found URL: https://repo1.maven.org/maven2/org/jetbrains/intellij/deps/trove4j/1.0.20200330/trove4j-1.0.20200330.pom.sha256
01:20.182 DEBUG :amper-standalone-compose-desktop:compileJvm DependencyFile            Not found URL: https://repo1.maven.org/maven2/org/jetbrains/kotlin/kotlin-script-runtime/2.0.0-RC3/kotlin-script-runtime-2.0.0-RC3.pom.sha256
01:20.225 DEBUG :amper-standalone-compose-desktop:compileJvm DependencyFile            Downloaded https://repo1.maven.org/maven2/org/jetbrains/kotlin/kotlin-reflect/1.6.10/kotlin-reflect-1.6.10.pom.sha1 for the dependency org.jetbrains.kotlin:kotlin-reflect:1.6.10
01:20.270 DEBUG :amper-standalone-compose-desktop:compileJvm DependencyFile            Downloaded https://repo1.maven.org/maven2/org/jetbrains/kotlin/kotlin-daemon-client/2.0.0-RC3/kotlin-daemon-client-2.0.0-RC3.pom.sha1 for the dependency org.jetbrains.kotlin:kotlin-daemon-client:2.0.0-RC3
01:20.296 DEBUG :amper-standalone-compose-desktop:compileJvm DependencyFile            Downloaded https://repo1.maven.org/maven2/org/jetbrains/kotlin/kotlin-daemon-embeddable/2.0.0-RC3/kotlin-daemon-embeddable-2.0.0-RC3.pom.sha1 for the dependency org.jetbrains.kotlin:kotlin-daemon-embeddable:2.0.0-RC3
01:20.815 DEBUG :amper-standalone-compose-desktop:compileJvm DependencyFile            Downloaded https://repo1.maven.org/maven2/org/jetbrains/kotlin/kotlin-scripting-jvm/2.0.0-RC3/kotlin-scripting-jvm-2.0.0-RC3.pom.sha1 for the dependency org.jetbrains.kotlin:kotlin-scripting-jvm:2.0.0-RC3
01:20.835 DEBUG :amper-standalone-compose-desktop:compileJvm DependencyFile            Downloaded https://repo1.maven.org/maven2/org/jetbrains/kotlin/kotlin-stdlib-jdk8/1.5.0/kotlin-stdlib-jdk8-1.5.0.pom for the dependency org.jetbrains.kotlin:kotlin-stdlib-jdk8:1.5.0
01:21.104 DEBUG :amper-standalone-compose-desktop:compileJvm DependencyFile            Downloaded https://repo1.maven.org/maven2/org/jetbrains/intellij/deps/trove4j/1.0.20200330/trove4j-1.0.20200330.pom.sha1 for the dependency org.jetbrains.intellij.deps:trove4j:1.0.20200330
01:21.234 DEBUG :amper-standalone-compose-desktop:compileJvm DependencyFile            Downloaded https://repo1.maven.org/maven2/org/jetbrains/kotlin/kotlin-script-runtime/2.0.0-RC3/kotlin-script-runtime-2.0.0-RC3.pom.sha1 for the dependency org.jetbrains.kotlin:kotlin-script-runtime:2.0.0-RC3
01:21.779 DEBUG :amper-standalone-compose-desktop:compileJvm DependencyFile            Downloaded https://repo1.maven.org/maven2/org/jetbrains/kotlin/kotlin-stdlib-common/1.5.0/kotlin-stdlib-common-1.5.0.pom for the dependency org.jetbrains.kotlin:kotlin-stdlib-common:1.5.0
01:21.827 DEBUG :amper-standalone-compose-desktop:compileJvm DependencyFile            Not found URL: https://repo1.maven.org/maven2/org/jetbrains/kotlin/kotlin-stdlib-jdk8/1.5.0/kotlin-stdlib-jdk8-1.5.0.pom.sha512
01:23.022 DEBUG :amper-standalone-compose-desktop:compileJvm DependencyFile            Not found URL: https://repo1.maven.org/maven2/org/jetbrains/kotlin/kotlin-stdlib-common/1.5.0/kotlin-stdlib-common-1.5.0.pom.sha512
01:23.529 DEBUG :amper-standalone-compose-desktop:compileJvm DependencyFile            Not found URL: https://repo1.maven.org/maven2/org/jetbrains/kotlin/kotlin-stdlib-jdk8/1.5.0/kotlin-stdlib-jdk8-1.5.0.pom.sha256
01:24.002 DEBUG :amper-standalone-compose-desktop:compileJvm DependencyFile            Not found URL: https://repo1.maven.org/maven2/org/jetbrains/kotlin/kotlin-stdlib-common/1.5.0/kotlin-stdlib-common-1.5.0.pom.sha256
01:24.518 DEBUG :amper-standalone-compose-desktop:compileJvm DependencyFile            Downloaded https://repo1.maven.org/maven2/org/jetbrains/kotlin/kotlin-stdlib-jdk8/1.5.0/kotlin-stdlib-jdk8-1.5.0.pom.sha1 for the dependency org.jetbrains.kotlin:kotlin-stdlib-jdk8:1.5.0
01:24.941 DEBUG :amper-standalone-compose-desktop:compileJvm DependencyFile            Downloaded https://repo1.maven.org/maven2/org/jetbrains/kotlin/kotlin-stdlib-common/1.5.0/kotlin-stdlib-common-1.5.0.pom.sha1 for the dependency org.jetbrains.kotlin:kotlin-stdlib-common:1.5.0
01:25.420 DEBUG :amper-standalone-compose-desktop:compileJvm DependencyFile            Downloaded https://repo1.maven.org/maven2/org/jetbrains/kotlin/kotlin-stdlib-jdk7/1.5.0/kotlin-stdlib-jdk7-1.5.0.pom for the dependency org.jetbrains.kotlin:kotlin-stdlib-jdk7:1.5.0
01:26.459 DEBUG :amper-standalone-compose-desktop:compileJvm DependencyFile            Not found URL: https://repo1.maven.org/maven2/org/jetbrains/kotlin/kotlin-stdlib-jdk7/1.5.0/kotlin-stdlib-jdk7-1.5.0.pom.sha512
01:27.441 DEBUG :amper-standalone-compose-desktop:compileJvm DependencyFile            Not found URL: https://repo1.maven.org/maven2/org/jetbrains/kotlin/kotlin-stdlib-jdk7/1.5.0/kotlin-stdlib-jdk7-1.5.0.pom.sha256
01:28.384 DEBUG :amper-standalone-compose-desktop:compileJvm DependencyFile            Downloaded https://repo1.maven.org/maven2/org/jetbrains/kotlin/kotlin-stdlib-jdk7/1.5.0/kotlin-stdlib-jdk7-1.5.0.pom.sha1 for the dependency org.jetbrains.kotlin:kotlin-stdlib-jdk7:1.5.0
01:29.399 DEBUG :amper-standalone-compose-desktop:compileJvm DependencyFile            Downloaded https://repo1.maven.org/maven2/org/jetbrains/kotlin/kotlin-stdlib-jdk8/1.5.0/kotlin-stdlib-jdk8-1.5.0.jar for the dependency org.jetbrains.kotlin:kotlin-stdlib-jdk8:1.5.0
01:29.474 DEBUG :amper-standalone-compose-desktop:compileJvm DependencyFile            Downloaded https://repo1.maven.org/maven2/org/jetbrains/kotlin/kotlin-build-tools-api/2.0.0-RC3/kotlin-build-tools-api-2.0.0-RC3.jar for the dependency org.jetbrains.kotlin:kotlin-build-tools-api:2.0.0-RC3
01:29.556 DEBUG :amper-standalone-compose-desktop:compileJvm DependencyFile            Downloaded https://repo1.maven.org/maven2/org/jetbrains/kotlin/kotlin-build-tools-impl/2.0.0-RC3/kotlin-build-tools-impl-2.0.0-RC3.jar for the dependency org.jetbrains.kotlin:kotlin-build-tools-impl:2.0.0-RC3
01:30.097 DEBUG :amper-standalone-compose-desktop:compileJvm DependencyFile            Downloaded https://repo1.maven.org/maven2/org/jetbrains/kotlin/kotlin-scripting-compiler-embeddable/2.0.0-RC3/kotlin-scripting-compiler-embeddable-2.0.0-RC3.jar for the dependency org.jetbrains.kotlin:kotlin-scripting-compiler-embeddable:2.0.0-RC3
01:30.102 DEBUG :amper-standalone-compose-desktop:compileJvm DependencyFile            Downloaded https://repo1.maven.org/maven2/org/jetbrains/intellij/deps/trove4j/1.0.20200330/trove4j-1.0.20200330.jar for the dependency org.jetbrains.intellij.deps:trove4j:1.0.20200330
01:30.272 DEBUG :amper-standalone-compose-desktop:compileJvm DependencyFile            Downloaded https://repo1.maven.org/maven2/org/jetbrains/kotlin/kotlin-daemon-client/2.0.0-RC3/kotlin-daemon-client-2.0.0-RC3.jar for the dependency org.jetbrains.kotlin:kotlin-daemon-client:2.0.0-RC3
01:30.273 DEBUG :amper-standalone-compose-desktop:compileJvm DependencyFile            Downloaded https://repo1.maven.org/maven2/org/jetbrains/kotlin/kotlin-build-common/2.0.0-RC3/kotlin-build-common-2.0.0-RC3.jar for the dependency org.jetbrains.kotlin:kotlin-build-common:2.0.0-RC3
01:30.337 DEBUG :amper-standalone-compose-desktop:compileJvm DependencyFile            Downloaded https://repo1.maven.org/maven2/org/jetbrains/kotlin/kotlin-stdlib-jdk7/1.5.0/kotlin-stdlib-jdk7-1.5.0.jar for the dependency org.jetbrains.kotlin:kotlin-stdlib-jdk7:1.5.0
01:30.394 DEBUG :amper-standalone-compose-desktop:compileJvm DependencyFile            Not found URL: https://repo1.maven.org/maven2/org/jetbrains/kotlin/kotlin-stdlib-jdk8/1.5.0/kotlin-stdlib-jdk8-1.5.0.jar.sha512
01:30.429 DEBUG :amper-standalone-compose-desktop:compileJvm DependencyFile            Downloaded https://repo1.maven.org/maven2/org/jetbrains/kotlin/kotlin-compiler-runner/2.0.0-RC3/kotlin-compiler-runner-2.0.0-RC3.jar for the dependency org.jetbrains.kotlin:kotlin-compiler-runner:2.0.0-RC3
01:30.551 DEBUG :amper-standalone-compose-desktop:compileJvm DependencyFile            Not found URL: https://repo1.maven.org/maven2/org/jetbrains/kotlin/kotlin-build-tools-api/2.0.0-RC3/kotlin-build-tools-api-2.0.0-RC3.jar.sha512
01:30.583 DEBUG :amper-standalone-compose-desktop:compileJvm DependencyFile            Not found URL: https://repo1.maven.org/maven2/org/jetbrains/kotlin/kotlin-build-tools-impl/2.0.0-RC3/kotlin-build-tools-impl-2.0.0-RC3.jar.sha512
01:30.705 DEBUG :amper-standalone-compose-desktop:compileJvm DependencyFile            Downloaded https://repo1.maven.org/maven2/org/jetbrains/kotlinx/kotlinx-coroutines-core-jvm/1.5.0/kotlinx-coroutines-core-jvm-1.5.0.jar for the dependency org.jetbrains.kotlinx:kotlinx-coroutines-core-jvm:1.5.0
01:30.777 DEBUG :amper-standalone-compose-desktop:compileJvm DependencyFile            Downloaded https://repo1.maven.org/maven2/org/jetbrains/kotlin/kotlin-reflect/1.6.10/kotlin-reflect-1.6.10.jar for the dependency org.jetbrains.kotlin:kotlin-reflect:1.6.10
01:30.843 DEBUG :amper-standalone-compose-desktop:compileJvm DependencyFile            Downloaded https://repo1.maven.org/maven2/org/jetbrains/kotlin/kotlin-scripting-jvm/2.0.0-RC3/kotlin-scripting-jvm-2.0.0-RC3.jar for the dependency org.jetbrains.kotlin:kotlin-scripting-jvm:2.0.0-RC3
01:30.992 DEBUG :amper-standalone-compose-desktop:compileJvm DependencyFile            Downloaded https://repo1.maven.org/maven2/org/jetbrains/kotlin/kotlin-stdlib-common/1.5.0/kotlin-stdlib-common-1.5.0.jar for the dependency org.jetbrains.kotlin:kotlin-stdlib-common:1.5.0
01:31.012 DEBUG :amper-standalone-compose-desktop:compileJvm DependencyFile            Downloaded https://repo1.maven.org/maven2/org/jetbrains/kotlin/kotlin-scripting-compiler-impl-embeddable/2.0.0-RC3/kotlin-scripting-compiler-impl-embeddable-2.0.0-RC3.jar for the dependency org.jetbrains.kotlin:kotlin-scripting-compiler-impl-embeddable:2.0.0-RC3
01:31.095 DEBUG :amper-standalone-compose-desktop:compileJvm DependencyFile            Not found URL: https://repo1.maven.org/maven2/org/jetbrains/kotlin/kotlin-scripting-compiler-embeddable/2.0.0-RC3/kotlin-scripting-compiler-embeddable-2.0.0-RC3.jar.sha512
01:31.122 DEBUG :amper-standalone-compose-desktop:compileJvm DependencyFile            Not found URL: https://repo1.maven.org/maven2/org/jetbrains/intellij/deps/trove4j/1.0.20200330/trove4j-1.0.20200330.jar.sha512
01:31.201 DEBUG :amper-standalone-compose-desktop:compileJvm DependencyFile            Downloaded https://repo1.maven.org/maven2/org/jetbrains/kotlin/kotlin-daemon-embeddable/2.0.0-RC3/kotlin-daemon-embeddable-2.0.0-RC3.jar for the dependency org.jetbrains.kotlin:kotlin-daemon-embeddable:2.0.0-RC3
01:31.336 DEBUG :amper-standalone-compose-desktop:compileJvm DependencyFile            Not found URL: https://repo1.maven.org/maven2/org/jetbrains/kotlin/kotlin-stdlib-jdk7/1.5.0/kotlin-stdlib-jdk7-1.5.0.jar.sha512
01:31.358 DEBUG :amper-standalone-compose-desktop:compileJvm DependencyFile            Not found URL: https://repo1.maven.org/maven2/org/jetbrains/kotlin/kotlin-daemon-client/2.0.0-RC3/kotlin-daemon-client-2.0.0-RC3.jar.sha512
01:31.358 DEBUG :amper-standalone-compose-desktop:compileJvm DependencyFile            Not found URL: https://repo1.maven.org/maven2/org/jetbrains/kotlin/kotlin-build-common/2.0.0-RC3/kotlin-build-common-2.0.0-RC3.jar.sha512
01:31.484 DEBUG :amper-standalone-compose-desktop:compileJvm DependencyFile            Not found URL: https://repo1.maven.org/maven2/org/jetbrains/kotlin/kotlin-compiler-runner/2.0.0-RC3/kotlin-compiler-runner-2.0.0-RC3.jar.sha512
01:31.514 DEBUG :amper-standalone-compose-desktop:compileJvm DependencyFile            Not found URL: https://repo1.maven.org/maven2/org/jetbrains/kotlin/kotlin-stdlib-jdk8/1.5.0/kotlin-stdlib-jdk8-1.5.0.jar.sha256
01:31.602 DEBUG :amper-standalone-compose-desktop:compileJvm DependencyFile            Not found URL: https://repo1.maven.org/maven2/org/jetbrains/kotlin/kotlin-build-tools-api/2.0.0-RC3/kotlin-build-tools-api-2.0.0-RC3.jar.sha256
01:31.652 DEBUG :amper-standalone-compose-desktop:compileJvm DependencyFile            Not found URL: https://repo1.maven.org/maven2/org/jetbrains/kotlin/kotlin-build-tools-impl/2.0.0-RC3/kotlin-build-tools-impl-2.0.0-RC3.jar.sha256
01:31.879 DEBUG :amper-standalone-compose-desktop:compileJvm DependencyFile            Not found URL: https://repo1.maven.org/maven2/org/jetbrains/kotlin/kotlin-reflect/1.6.10/kotlin-reflect-1.6.10.jar.sha512
01:31.896 DEBUG :amper-standalone-compose-desktop:compileJvm DependencyFile            Not found URL: https://repo1.maven.org/maven2/org/jetbrains/kotlin/kotlin-scripting-jvm/2.0.0-RC3/kotlin-scripting-jvm-2.0.0-RC3.jar.sha512
01:32.005 DEBUG :amper-standalone-compose-desktop:compileJvm DependencyFile            Not found URL: https://repo1.maven.org/maven2/org/jetbrains/kotlin/kotlin-scripting-compiler-impl-embeddable/2.0.0-RC3/kotlin-scripting-compiler-impl-embeddable-2.0.0-RC3.jar.sha512
01:32.032 DEBUG :amper-standalone-compose-desktop:compileJvm DependencyFile            Not found URL: https://repo1.maven.org/maven2/org/jetbrains/kotlin/kotlin-stdlib-common/1.5.0/kotlin-stdlib-common-1.5.0.jar.sha512
01:32.123 DEBUG :amper-standalone-compose-desktop:compileJvm DependencyFile            Not found URL: https://repo1.maven.org/maven2/org/jetbrains/kotlin/kotlin-scripting-compiler-embeddable/2.0.0-RC3/kotlin-scripting-compiler-embeddable-2.0.0-RC3.jar.sha256
01:32.210 DEBUG :amper-standalone-compose-desktop:compileJvm DependencyFile            Not found URL: https://repo1.maven.org/maven2/org/jetbrains/intellij/deps/trove4j/1.0.20200330/trove4j-1.0.20200330.jar.sha256
01:32.305 DEBUG :amper-standalone-compose-desktop:compileJvm DependencyFile            Not found URL: https://repo1.maven.org/maven2/org/jetbrains/kotlin/kotlin-daemon-embeddable/2.0.0-RC3/kotlin-daemon-embeddable-2.0.0-RC3.jar.sha512
01:32.378 DEBUG :amper-standalone-compose-desktop:compileJvm DependencyFile            Not found URL: https://repo1.maven.org/maven2/org/jetbrains/kotlin/kotlin-stdlib-jdk7/1.5.0/kotlin-stdlib-jdk7-1.5.0.jar.sha256
01:32.539 DEBUG :amper-standalone-compose-desktop:compileJvm DependencyFile            Not found URL: https://repo1.maven.org/maven2/org/jetbrains/kotlin/kotlin-daemon-client/2.0.0-RC3/kotlin-daemon-client-2.0.0-RC3.jar.sha256
01:32.542 DEBUG :amper-standalone-compose-desktop:compileJvm DependencyFile            Not found URL: https://repo1.maven.org/maven2/org/jetbrains/kotlin/kotlin-build-common/2.0.0-RC3/kotlin-build-common-2.0.0-RC3.jar.sha256
01:32.543 DEBUG :amper-standalone-compose-desktop:compileJvm DependencyFile            Not found URL: https://repo1.maven.org/maven2/org/jetbrains/kotlin/kotlin-compiler-runner/2.0.0-RC3/kotlin-compiler-runner-2.0.0-RC3.jar.sha256
01:32.557 DEBUG :amper-standalone-compose-desktop:compileJvm DependencyFile            Downloaded https://repo1.maven.org/maven2/org/jetbrains/kotlin/kotlin-stdlib-jdk8/1.5.0/kotlin-stdlib-jdk8-1.5.0.jar.sha1 for the dependency org.jetbrains.kotlin:kotlin-stdlib-jdk8:1.5.0
01:32.736 DEBUG :amper-standalone-compose-desktop:compileJvm DependencyFile            Downloaded https://repo1.maven.org/maven2/org/jetbrains/kotlin/kotlin-build-tools-impl/2.0.0-RC3/kotlin-build-tools-impl-2.0.0-RC3.jar.sha1 for the dependency org.jetbrains.kotlin:kotlin-build-tools-impl:2.0.0-RC3
01:32.743 DEBUG :amper-standalone-compose-desktop:compileJvm DependencyFile            Downloaded https://repo1.maven.org/maven2/org/jetbrains/kotlin/kotlin-build-tools-api/2.0.0-RC3/kotlin-build-tools-api-2.0.0-RC3.jar.sha1 for the dependency org.jetbrains.kotlin:kotlin-build-tools-api:2.0.0-RC3
01:33.064 DEBUG :amper-standalone-compose-desktop:compileJvm DependencyFile            Not found URL: https://repo1.maven.org/maven2/org/jetbrains/kotlin/kotlin-reflect/1.6.10/kotlin-reflect-1.6.10.jar.sha256
01:33.071 DEBUG :amper-standalone-compose-desktop:compileJvm DependencyFile            Not found URL: https://repo1.maven.org/maven2/org/jetbrains/kotlin/kotlin-scripting-compiler-impl-embeddable/2.0.0-RC3/kotlin-scripting-compiler-impl-embeddable-2.0.0-RC3.jar.sha256
01:33.135 DEBUG :amper-standalone-compose-desktop:compileJvm DependencyFile            Not found URL: https://repo1.maven.org/maven2/org/jetbrains/kotlin/kotlin-scripting-jvm/2.0.0-RC3/kotlin-scripting-jvm-2.0.0-RC3.jar.sha256
01:33.229 DEBUG :amper-standalone-compose-desktop:compileJvm DependencyFile            Downloaded https://repo1.maven.org/maven2/org/jetbrains/intellij/deps/trove4j/1.0.20200330/trove4j-1.0.20200330.jar.sha1 for the dependency org.jetbrains.intellij.deps:trove4j:1.0.20200330
01:33.325 DEBUG :amper-standalone-compose-desktop:compileJvm DependencyFile            Downloaded https://repo1.maven.org/maven2/org/jetbrains/kotlin/kotlin-scripting-compiler-embeddable/2.0.0-RC3/kotlin-scripting-compiler-embeddable-2.0.0-RC3.jar.sha1 for the dependency org.jetbrains.kotlin:kotlin-scripting-compiler-embeddable:2.0.0-RC3
01:33.470 DEBUG :amper-standalone-compose-desktop:compileJvm DependencyFile            Downloaded https://repo1.maven.org/maven2/org/jetbrains/kotlin/kotlin-stdlib-jdk7/1.5.0/kotlin-stdlib-jdk7-1.5.0.jar.sha1 for the dependency org.jetbrains.kotlin:kotlin-stdlib-jdk7:1.5.0
01:33.498 DEBUG :amper-standalone-compose-desktop:compileJvm DependencyFile            Not found URL: https://repo1.maven.org/maven2/org/jetbrains/kotlin/kotlin-daemon-embeddable/2.0.0-RC3/kotlin-daemon-embeddable-2.0.0-RC3.jar.sha256
01:33.589 DEBUG :amper-standalone-compose-desktop:compileJvm DependencyFile            Downloaded https://repo1.maven.org/maven2/org/jetbrains/kotlin/kotlin-daemon-client/2.0.0-RC3/kotlin-daemon-client-2.0.0-RC3.jar.sha1 for the dependency org.jetbrains.kotlin:kotlin-daemon-client:2.0.0-RC3
01:33.657 DEBUG :amper-standalone-compose-desktop:compileJvm DependencyFile            Downloaded https://repo1.maven.org/maven2/org/jetbrains/kotlin/kotlin-compiler-runner/2.0.0-RC3/kotlin-compiler-runner-2.0.0-RC3.jar.sha1 for the dependency org.jetbrains.kotlin:kotlin-compiler-runner:2.0.0-RC3
01:33.670 DEBUG :amper-standalone-compose-desktop:compileJvm DependencyFile            Downloaded https://repo1.maven.org/maven2/org/jetbrains/kotlin/kotlin-build-common/2.0.0-RC3/kotlin-build-common-2.0.0-RC3.jar.sha1 for the dependency org.jetbrains.kotlin:kotlin-build-common:2.0.0-RC3
01:34.072 DEBUG :amper-standalone-compose-desktop:compileJvm DependencyFile            Downloaded https://repo1.maven.org/maven2/org/jetbrains/kotlin/kotlin-scripting-compiler-impl-embeddable/2.0.0-RC3/kotlin-scripting-compiler-impl-embeddable-2.0.0-RC3.jar.sha1 for the dependency org.jetbrains.kotlin:kotlin-scripting-compiler-impl-embeddable:2.0.0-RC3
01:34.104 DEBUG :amper-standalone-compose-desktop:compileJvm DependencyFile            Downloaded https://repo1.maven.org/maven2/org/jetbrains/kotlin/kotlin-reflect/1.6.10/kotlin-reflect-1.6.10.jar.sha1 for the dependency org.jetbrains.kotlin:kotlin-reflect:1.6.10
01:34.185 DEBUG :amper-standalone-compose-desktop:compileJvm DependencyFile            Downloaded https://repo1.maven.org/maven2/org/jetbrains/kotlin/kotlin-scripting-jvm/2.0.0-RC3/kotlin-scripting-jvm-2.0.0-RC3.jar.sha1 for the dependency org.jetbrains.kotlin:kotlin-scripting-jvm:2.0.0-RC3
01:34.191 DEBUG :amper-standalone-compose-desktop:compileJvm DependencyFile            Downloaded https://repo1.maven.org/maven2/org/jetbrains/kotlin/kotlin-scripting-common/2.0.0-RC3/kotlin-scripting-common-2.0.0-RC3.jar for the dependency org.jetbrains.kotlin:kotlin-scripting-common:2.0.0-RC3
01:34.346 DEBUG :amper-standalone-compose-desktop:compileJvm DependencyFile            Not found URL: https://repo1.maven.org/maven2/org/jetbrains/kotlin/kotlin-stdlib-common/1.5.0/kotlin-stdlib-common-1.5.0.jar.sha256
01:34.454 DEBUG :amper-standalone-compose-desktop:compileJvm DependencyFile            Downloaded https://repo1.maven.org/maven2/org/jetbrains/kotlin/kotlin-daemon-embeddable/2.0.0-RC3/kotlin-daemon-embeddable-2.0.0-RC3.jar.sha1 for the dependency org.jetbrains.kotlin:kotlin-daemon-embeddable:2.0.0-RC3
01:35.269 DEBUG :amper-standalone-compose-desktop:compileJvm DependencyFile            Downloaded https://repo1.maven.org/maven2/org/jetbrains/kotlin/kotlin-stdlib-common/1.5.0/kotlin-stdlib-common-1.5.0.jar.sha1 for the dependency org.jetbrains.kotlin:kotlin-stdlib-common:1.5.0
01:35.288 DEBUG :amper-standalone-compose-desktop:compileJvm DependencyFile            Downloaded https://repo1.maven.org/maven2/org/jetbrains/kotlin/kotlin-script-runtime/2.0.0-RC3/kotlin-script-runtime-2.0.0-RC3.jar for the dependency org.jetbrains.kotlin:kotlin-script-runtime:2.0.0-RC3
01:35.291 DEBUG :amper-standalone-compose-desktop:compileJvm DependencyFile            Not found URL: https://repo1.maven.org/maven2/org/jetbrains/kotlin/kotlin-scripting-common/2.0.0-RC3/kotlin-scripting-common-2.0.0-RC3.jar.sha512
01:36.316 DEBUG :amper-standalone-compose-desktop:compileJvm DependencyFile            Not found URL: https://repo1.maven.org/maven2/org/jetbrains/kotlin/kotlin-scripting-common/2.0.0-RC3/kotlin-scripting-common-2.0.0-RC3.jar.sha256
01:36.385 DEBUG :amper-standalone-compose-desktop:compileJvm DependencyFile            Not found URL: https://repo1.maven.org/maven2/org/jetbrains/kotlin/kotlin-script-runtime/2.0.0-RC3/kotlin-script-runtime-2.0.0-RC3.jar.sha512
01:37.236 DEBUG :amper-standalone-compose-desktop:compileJvm DependencyFile            Downloaded https://repo1.maven.org/maven2/org/jetbrains/kotlin/kotlin-scripting-common/2.0.0-RC3/kotlin-scripting-common-2.0.0-RC3.jar.sha1 for the dependency org.jetbrains.kotlin:kotlin-scripting-common:2.0.0-RC3
01:37.411 DEBUG :amper-standalone-compose-desktop:compileJvm DependencyFile            Not found URL: https://repo1.maven.org/maven2/org/jetbrains/kotlin/kotlin-script-runtime/2.0.0-RC3/kotlin-script-runtime-2.0.0-RC3.jar.sha256
01:38.373 DEBUG :amper-standalone-compose-desktop:compileJvm DependencyFile            Downloaded https://repo1.maven.org/maven2/org/jetbrains/kotlin/kotlin-script-runtime/2.0.0-RC3/kotlin-script-runtime-2.0.0-RC3.jar.sha1 for the dependency org.jetbrains.kotlin:kotlin-script-runtime:2.0.0-RC3
01:42.116 DEBUG :amper-standalone-compose-desktop:compileJvm DependencyFile            Downloaded https://repo1.maven.org/maven2/org/jetbrains/annotations/13.0/annotations-13.0.jar for the dependency org.jetbrains:annotations:13.0
01:42.194 DEBUG :amper-standalone-compose-desktop:compileJvm DependencyFile            Downloaded https://repo1.maven.org/maven2/org/jetbrains/kotlin/kotlin-compiler-embeddable/2.0.0-RC3/kotlin-compiler-embeddable-2.0.0-RC3.jar for the dependency org.jetbrains.kotlin:kotlin-compiler-embeddable:2.0.0-RC3
01:43.183 DEBUG :amper-standalone-compose-desktop:compileJvm DependencyFile            Not found URL: https://repo1.maven.org/maven2/org/jetbrains/annotations/13.0/annotations-13.0.jar.sha512
01:43.266 DEBUG :amper-standalone-compose-desktop:compileJvm DependencyFile            Not found URL: https://repo1.maven.org/maven2/org/jetbrains/kotlin/kotlin-compiler-embeddable/2.0.0-RC3/kotlin-compiler-embeddable-2.0.0-RC3.jar.sha512
01:44.199 DEBUG :amper-standalone-compose-desktop:compileJvm DependencyFile            Not found URL: https://repo1.maven.org/maven2/org/jetbrains/annotations/13.0/annotations-13.0.jar.sha256
01:44.297 DEBUG :amper-standalone-compose-desktop:compileJvm DependencyFile            Not found URL: https://repo1.maven.org/maven2/org/jetbrains/kotlin/kotlin-compiler-embeddable/2.0.0-RC3/kotlin-compiler-embeddable-2.0.0-RC3.jar.sha256
01:45.093 DEBUG :amper-standalone-compose-desktop:compileJvm DependencyFile            Downloaded https://repo1.maven.org/maven2/org/jetbrains/annotations/13.0/annotations-13.0.jar.sha1 for the dependency org.jetbrains:annotations:13.0
01:45.302 DEBUG :amper-standalone-compose-desktop:compileJvm DependencyFile            Downloaded https://repo1.maven.org/maven2/org/jetbrains/kotlin/kotlin-compiler-embeddable/2.0.0-RC3/kotlin-compiler-embeddable-2.0.0-RC3.jar.sha1 for the dependency org.jetbrains.kotlin:kotlin-compiler-embeddable:2.0.0-RC3
01:45.313 INFO  :amper-standalone-compose-desktop:compileJvm ExecuteOnChangedInputs    finished 'resolve-org.jetbrains.kotlin-kotlin-build-tools-impl-2.0.0-RC3' in 37.275084907s
01:45.416 DEBUG :amper-standalone-compose-desktop:compileJvm ExecuteOnChangedInputs    INC: state file is missing or empty at '/Users/vengateshm/KotlinMultiplatform/AmperFleet/amper-standalone-compose-desktop/build/incremental.state/resolve_org_jetbrains_kotlin_kotlin_compose_compiler_plugin_embeddable_2_0_0_RC3-f1ef5bfa28' -> rebuilding
01:45.416 INFO  :amper-standalone-compose-desktop:compileJvm ExecuteOnChangedInputs    building 'resolve-org.jetbrains.kotlin-kotlin-compose-compiler-plugin-embeddable-2.0.0-RC3'
01:46.491 DEBUG :amper-standalone-compose-desktop:compileJvm DependencyFile            Downloaded https://repo1.maven.org/maven2/org/jetbrains/kotlin/kotlin-compose-compiler-plugin-embeddable/2.0.0-RC3/kotlin-compose-compiler-plugin-embeddable-2.0.0-RC3.pom for the dependency org.jetbrains.kotlin:kotlin-compose-compiler-plugin-embeddable:2.0.0-RC3
01:47.529 DEBUG :amper-standalone-compose-desktop:compileJvm DependencyFile            Not found URL: https://repo1.maven.org/maven2/org/jetbrains/kotlin/kotlin-compose-compiler-plugin-embeddable/2.0.0-RC3/kotlin-compose-compiler-plugin-embeddable-2.0.0-RC3.pom.sha512
01:48.528 DEBUG :amper-standalone-compose-desktop:compileJvm DependencyFile            Not found URL: https://repo1.maven.org/maven2/org/jetbrains/kotlin/kotlin-compose-compiler-plugin-embeddable/2.0.0-RC3/kotlin-compose-compiler-plugin-embeddable-2.0.0-RC3.pom.sha256
01:49.570 DEBUG :amper-standalone-compose-desktop:compileJvm DependencyFile            Downloaded https://repo1.maven.org/maven2/org/jetbrains/kotlin/kotlin-compose-compiler-plugin-embeddable/2.0.0-RC3/kotlin-compose-compiler-plugin-embeddable-2.0.0-RC3.pom.sha1 for the dependency org.jetbrains.kotlin:kotlin-compose-compiler-plugin-embeddable:2.0.0-RC3
01:51.451 DEBUG :amper-standalone-compose-desktop:compileJvm DependencyFile            Downloaded https://repo1.maven.org/maven2/org/jetbrains/kotlin/kotlin-compose-compiler-plugin-embeddable/2.0.0-RC3/kotlin-compose-compiler-plugin-embeddable-2.0.0-RC3.jar for the dependency org.jetbrains.kotlin:kotlin-compose-compiler-plugin-embeddable:2.0.0-RC3
01:52.551 DEBUG :amper-standalone-compose-desktop:compileJvm DependencyFile            Not found URL: https://repo1.maven.org/maven2/org/jetbrains/kotlin/kotlin-compose-compiler-plugin-embeddable/2.0.0-RC3/kotlin-compose-compiler-plugin-embeddable-2.0.0-RC3.jar.sha512
01:53.529 DEBUG :amper-standalone-compose-desktop:compileJvm DependencyFile            Not found URL: https://repo1.maven.org/maven2/org/jetbrains/kotlin/kotlin-compose-compiler-plugin-embeddable/2.0.0-RC3/kotlin-compose-compiler-plugin-embeddable-2.0.0-RC3.jar.sha256
01:54.518 DEBUG :amper-standalone-compose-desktop:compileJvm DependencyFile            Downloaded https://repo1.maven.org/maven2/org/jetbrains/kotlin/kotlin-compose-compiler-plugin-embeddable/2.0.0-RC3/kotlin-compose-compiler-plugin-embeddable-2.0.0-RC3.jar.sha1 for the dependency org.jetbrains.kotlin:kotlin-compose-compiler-plugin-embeddable:2.0.0-RC3
01:54.524 INFO  :amper-standalone-compose-desktop:compileJvm ExecuteOnChangedInputs    finished 'resolve-org.jetbrains.kotlin-kotlin-compose-compiler-plugin-embeddable-2.0.0-RC3' in 9.086110541s
01:54.553 DEBUG :amper-standalone-compose-desktop:compileJvm JvmCompileTask            Calling Kotlin compiler...
01:54.558 DEBUG :amper-standalone-compose-desktop:compileJvm KotlinBuildToolsApiKt     Compiling using the in-process strategy
01:54.590 INFO  :amper-standalone-compose-desktop:compileJvm KotlinBuildToolsApiKt     i: [-Xjdk-release=17, -jdk-home, /Users/vengateshm/Library/Caches/Amper/extract.cache/2d18xuo2vp-amazon-corretto-21.0.1.12.1-macosx-x64.tar.gz.r9rq4v.d/Contents/Home, -classpath, /Users/vengateshm/Library/Caches/Amper/.m2.cache/org/jetbrains/kotlin/kotlin-stdlib/2.0.0-RC3/kotlin-stdlib-2.0.0-RC3.jar:/Users/vengateshm/Library/Caches/Amper/.m2.cache/org/jetbrains/annotations/23.0.0/annotations-23.0.0.jar:/Users/vengateshm/Library/Caches/Amper/.m2.cache/org/jetbrains/compose/desktop/desktop-jvm/1.6.10-rc01/desktop-jvm-1.6.10-rc01.jar:/Users/vengateshm/Library/Caches/Amper/.m2.cache/org/jetbrains/compose/foundation/foundation-desktop/1.6.10-rc01/foundation-desktop-1.6.10-rc01.jar:/Users/vengateshm/Library/Caches/Amper/.m2.cache/org/jetbrains/compose/material/material-desktop/1.6.10-rc01/material-desktop-1.6.10-rc01.jar:/Users/vengateshm/Library/Caches/Amper/.m2.cache/org/jetbrains/compose/runtime/runtime-desktop/1.6.10-rc01/runtime-desktop-1.6.10-rc01.jar:/Users/vengateshm/Library/Caches/Amper/.m2.cache/org/jetbrains/compose/ui/ui-desktop/1.6.10-rc01/ui-desktop-1.6.10-rc01.jar:/Users/vengateshm/Library/Caches/Amper/.m2.cache/org/jetbrains/compose/ui/ui-tooling-preview-desktop/1.6.10-rc01/ui-tooling-preview-desktop-1.6.10-rc01.jar:/Users/vengateshm/Library/Caches/Amper/.m2.cache/org/jetbrains/compose/animation/animation-desktop/1.6.10-rc01/animation-desktop-1.6.10-rc01.jar:/Users/vengateshm/Library/Caches/Amper/.m2.cache/org/jetbrains/skiko/skiko-awt/0.8.4/skiko-awt-0.8.4.jar:/Users/vengateshm/Library/Caches/Amper/.m2.cache/org/jetbrains/compose/animation/animation-core-desktop/1.6.10-rc01/animation-core-desktop-1.6.10-rc01.jar:/Users/vengateshm/Library/Caches/Amper/.m2.cache/org/jetbrains/compose/material/material-icons-core-desktop/1.6.10-rc01/material-icons-core-desktop-1.6.10-rc01.jar:/Users/vengateshm/Library/Caches/Amper/.m2.cache/org/jetbrains/compose/material/material-ripple-desktop/1.6.10-rc01/material-ripple-desktop-1.6.10-rc01.jar:/Users/vengateshm/Library/Caches/Amper/.m2.cache/org/jetbrains/compose/ui/ui-text-desktop/1.6.10-rc01/ui-text-desktop-1.6.10-rc01.jar:/Users/vengateshm/Library/Caches/Amper/.m2.cache/org/jetbrains/kotlinx/kotlinx-coroutines-core-jvm/1.8.0/kotlinx-coroutines-core-jvm-1.8.0.jar:/Users/vengateshm/Library/Caches/Amper/.m2.cache/org/jetbrains/compose/runtime/runtime-saveable-desktop/1.6.10-rc01/runtime-saveable-desktop-1.6.10-rc01.jar:/Users/vengateshm/Library/Caches/Amper/.m2.cache/org/jetbrains/compose/ui/ui-geometry-desktop/1.6.10-rc01/ui-geometry-desktop-1.6.10-rc01.jar:/Users/vengateshm/Library/Caches/Amper/.m2.cache/org/jetbrains/compose/ui/ui-graphics-desktop/1.6.10-rc01/ui-graphics-desktop-1.6.10-rc01.jar:/Users/vengateshm/Library/Caches/Amper/.m2.cache/org/jetbrains/compose/ui/ui-unit-desktop/1.6.10-rc01/ui-unit-desktop-1.6.10-rc01.jar:/Users/vengateshm/Library/Caches/Amper/.m2.cache/org/jetbrains/compose/ui/ui-util-desktop/1.6.10-rc01/ui-util-desktop-1.6.10-rc01.jar:/Users/vengateshm/Library/Caches/Amper/.m2.cache/org/jetbrains/compose/foundation/foundation-layout-desktop/1.6.10-rc01/foundation-layout-desktop-1.6.10-rc01.jar, -no-stdlib, -language-version, 1.9, -api-version, 1.9, -Xplugin=/Users/vengateshm/Library/Caches/Amper/.m2.cache/org/jetbrains/kotlin/kotlin-compose-compiler-plugin-embeddable/2.0.0-RC3/kotlin-compose-compiler-plugin-embeddable-2.0.0-RC3.jar, -d, /Users/vengateshm/KotlinMultiplatform/AmperFleet/amper-standalone-compose-desktop/build/tasks/_amper-standalone-compose-desktop_compileJvm]
01:54.666 DEBUG :amper-standalone-compose-desktop:compileJvm KotlinBuildToolsApiKt     v: Using Kotlin home directory <no_path>
01:54.832 DEBUG :amper-standalone-compose-desktop:compileJvm KotlinBuildToolsApiKt     v: Using JDK home directory /Users/vengateshm/Library/Caches/Amper/extract.cache/2d18xuo2vp-amazon-corretto-21.0.1.12.1-macosx-x64.tar.gz.r9rq4v.d/Contents/Home
01:54.855 DEBUG :amper-standalone-compose-desktop:compileJvm KotlinBuildToolsApiKt     v: Using JVM IR backend
01:54.861 DEBUG :amper-standalone-compose-desktop:compileJvm KotlinBuildToolsApiKt     v: Configuring the compilation environment
01:55.626 DEBUG :amper-standalone-compose-desktop:compileJvm KotlinBuildToolsApiKt     v: Loading modules: [java.se, jdk.incubator.vector, jdk.management.jfr, jdk.attach, jdk.jconsole, jdk.accessibility, jdk.management, jdk.xml.dom, jdk.jshell, jdk.unsupported, jdk.security.auth, jdk.dynalink, jdk.jdi, jdk.security.jgss, jdk.net, jdk.sctp, jdk.incubator.foreign, jdk.jsobject, jdk.httpserver, jdk.jfr, jdk.javadoc, jdk.compiler, jdk.nio.mapmode, jdk.jartool, java.base, java.compiler, java.datatransfer, java.desktop, java.xml, java.instrument, java.logging, java.management, java.management.rmi, java.rmi, java.naming, java.net.http, java.prefs, java.scripting, java.security.jgss, java.security.sasl, java.sql, java.transaction.xa, java.sql.rowset, java.xml.crypto, jdk.management.agent, jdk.jdwp.agent]
01:58.867 DEBUG :amper-standalone-compose-desktop:compileJvm JvmCompileTask            Kotlin compiler finalization...
01:58.868 INFO  :amper-standalone-compose-desktop:compileJvm ExecuteOnChangedInputs    finished ':amper-standalone-compose-desktop:compileJvm' in 50.858994262s
