JetBrains Amper version 0.3.0+fa5d34a
running on Mac OS X 14.4.1 jvm arch x86_64

00:02.692 DEBUG :amper-standalone-compose-desktop:resolveDependenciesJvm ResolveExternalDependenciesTask resolve dependencies amper-standalone-compose-desktop -- jvm -- org.jetbrains.compose.desktop:desktop-jvm-macos-x64:1.6.10-rc01 org.jetbrains.kotlin:kotlin-stdlib:2.0.0-RC3 --  -- resolvePlatform=jvm nativeTarget=null
00:02.743 DEBUG :amper-standalone-compose-desktop:resolveDependenciesJvm ExecuteOnChangedInputs    INC: state file is missing or empty at '/Users/vengateshm/KotlinMultiplatform/AmperFleet/amper-standalone-compose-desktop/build/incremental.state/_amper_standalone_compose_desktop_resolveDependenciesJvm-8eace36211' -> rebuilding
00:02.760 INFO  :amper-standalone-compose-desktop:resolveDependenciesJvm ExecuteOnChangedInputs    building ':amper-standalone-compose-desktop:resolveDependenciesJvm'
00:04.364 DEBUG :amper-standalone-compose-desktop:resolveDependenciesJvm DependencyFile            Downloaded https://repo1.maven.org/maven2/org/jetbrains/compose/desktop/desktop-jvm-macos-x64/1.6.10-rc01/desktop-jvm-macos-x64-1.6.10-rc01.pom for the dependency org.jetbrains.compose.desktop:desktop-jvm-macos-x64:1.6.10-rc01
00:04.364 DEBUG :amper-standalone-compose-desktop:resolveDependenciesJvm DependencyFile            Downloaded https://repo1.maven.org/maven2/org/jetbrains/kotlin/kotlin-stdlib/2.0.0-RC3/kotlin-stdlib-2.0.0-RC3.pom for the dependency org.jetbrains.kotlin:kotlin-stdlib:2.0.0-RC3
00:05.422 DEBUG :amper-standalone-compose-desktop:resolveDependenciesJvm DependencyFile            Not found URL: https://repo1.maven.org/maven2/org/jetbrains/kotlin/kotlin-stdlib/2.0.0-RC3/kotlin-stdlib-2.0.0-RC3.pom.sha512
00:05.454 DEBUG :amper-standalone-compose-desktop:resolveDependenciesJvm DependencyFile            Downloaded https://repo1.maven.org/maven2/org/jetbrains/compose/desktop/desktop-jvm-macos-x64/1.6.10-rc01/desktop-jvm-macos-x64-1.6.10-rc01.pom.sha512 for the dependency org.jetbrains.compose.desktop:desktop-jvm-macos-x64:1.6.10-rc01
00:06.426 DEBUG :amper-standalone-compose-desktop:resolveDependenciesJvm DependencyFile            Not found URL: https://repo1.maven.org/maven2/org/jetbrains/kotlin/kotlin-stdlib/2.0.0-RC3/kotlin-stdlib-2.0.0-RC3.pom.sha256
00:06.659 DEBUG :amper-standalone-compose-desktop:resolveDependenciesJvm DependencyFile            Downloaded https://repo1.maven.org/maven2/org/jetbrains/compose/desktop/desktop/1.6.10-rc01/desktop-1.6.10-rc01.pom for the dependency org.jetbrains.compose.desktop:desktop:1.6.10-rc01
00:07.386 DEBUG :amper-standalone-compose-desktop:resolveDependenciesJvm DependencyFile            Downloaded https://repo1.maven.org/maven2/org/jetbrains/kotlin/kotlin-stdlib/2.0.0-RC3/kotlin-stdlib-2.0.0-RC3.pom.sha1 for the dependency org.jetbrains.kotlin:kotlin-stdlib:2.0.0-RC3
00:07.606 DEBUG :amper-standalone-compose-desktop:resolveDependenciesJvm DependencyFile            Downloaded https://repo1.maven.org/maven2/org/jetbrains/compose/desktop/desktop/1.6.10-rc01/desktop-1.6.10-rc01.pom.sha512 for the dependency org.jetbrains.compose.desktop:desktop:1.6.10-rc01
00:08.351 DEBUG :amper-standalone-compose-desktop:resolveDependenciesJvm DependencyFile            Downloaded https://repo1.maven.org/maven2/org/jetbrains/kotlin/kotlin-stdlib/2.0.0-RC3/kotlin-stdlib-2.0.0-RC3.module for the dependency org.jetbrains.kotlin:kotlin-stdlib:2.0.0-RC3
00:08.613 DEBUG :amper-standalone-compose-desktop:resolveDependenciesJvm DependencyFile            Downloaded https://repo1.maven.org/maven2/org/jetbrains/compose/desktop/desktop/1.6.10-rc01/desktop-1.6.10-rc01.module for the dependency org.jetbrains.compose.desktop:desktop:1.6.10-rc01
00:09.347 DEBUG :amper-standalone-compose-desktop:resolveDependenciesJvm DependencyFile            Not found URL: https://repo1.maven.org/maven2/org/jetbrains/kotlin/kotlin-stdlib/2.0.0-RC3/kotlin-stdlib-2.0.0-RC3.module.sha512
00:09.601 DEBUG :amper-standalone-compose-desktop:resolveDependenciesJvm DependencyFile            Downloaded https://repo1.maven.org/maven2/org/jetbrains/compose/desktop/desktop/1.6.10-rc01/desktop-1.6.10-rc01.module.sha512 for the dependency org.jetbrains.compose.desktop:desktop:1.6.10-rc01
00:10.381 DEBUG :amper-standalone-compose-desktop:resolveDependenciesJvm DependencyFile            Not found URL: https://repo1.maven.org/maven2/org/jetbrains/kotlin/kotlin-stdlib/2.0.0-RC3/kotlin-stdlib-2.0.0-RC3.module.sha256
00:10.530 DEBUG :amper-standalone-compose-desktop:resolveDependenciesJvm DependencyFile            Downloaded https://repo1.maven.org/maven2/org/jetbrains/compose/desktop/desktop-jvm/1.6.10-rc01/desktop-jvm-1.6.10-rc01.pom for the dependency org.jetbrains.compose.desktop:desktop-jvm:1.6.10-rc01
00:11.332 DEBUG :amper-standalone-compose-desktop:resolveDependenciesJvm DependencyFile            Downloaded https://repo1.maven.org/maven2/org/jetbrains/kotlin/kotlin-stdlib/2.0.0-RC3/kotlin-stdlib-2.0.0-RC3.module.sha1 for the dependency org.jetbrains.kotlin:kotlin-stdlib:2.0.0-RC3
00:11.423 DEBUG :amper-standalone-compose-desktop:resolveDependenciesJvm DependencyFile            Downloaded https://repo1.maven.org/maven2/org/jetbrains/compose/desktop/desktop-jvm/1.6.10-rc01/desktop-jvm-1.6.10-rc01.pom.sha512 for the dependency org.jetbrains.compose.desktop:desktop-jvm:1.6.10-rc01
00:12.257 DEBUG :amper-standalone-compose-desktop:resolveDependenciesJvm DependencyFile            Downloaded https://repo1.maven.org/maven2/org/jetbrains/annotations/13.0/annotations-13.0.pom for the dependency org.jetbrains:annotations:13.0
00:12.348 DEBUG :amper-standalone-compose-desktop:resolveDependenciesJvm DependencyFile            Downloaded https://repo1.maven.org/maven2/org/jetbrains/compose/desktop/desktop-jvm/1.6.10-rc01/desktop-jvm-1.6.10-rc01.module for the dependency org.jetbrains.compose.desktop:desktop-jvm:1.6.10-rc01
00:13.241 DEBUG :amper-standalone-compose-desktop:resolveDependenciesJvm DependencyFile            Not found URL: https://repo1.maven.org/maven2/org/jetbrains/annotations/13.0/annotations-13.0.pom.sha512
00:13.308 DEBUG :amper-standalone-compose-desktop:resolveDependenciesJvm DependencyFile            Downloaded https://repo1.maven.org/maven2/org/jetbrains/compose/desktop/desktop-jvm/1.6.10-rc01/desktop-jvm-1.6.10-rc01.module.sha512 for the dependency org.jetbrains.compose.desktop:desktop-jvm:1.6.10-rc01
00:14.212 DEBUG :amper-standalone-compose-desktop:resolveDependenciesJvm DependencyFile            Downloaded https://repo1.maven.org/maven2/org/jetbrains/compose/material/material/1.6.10-rc01/material-1.6.10-rc01.pom for the dependency org.jetbrains.compose.material:material:1.6.10-rc01
00:14.225 DEBUG :amper-standalone-compose-desktop:resolveDependenciesJvm DependencyFile            Downloaded https://repo1.maven.org/maven2/org/jetbrains/compose/foundation/foundation/1.6.10-rc01/foundation-1.6.10-rc01.pom for the dependency org.jetbrains.compose.foundation:foundation:1.6.10-rc01
00:14.236 DEBUG :amper-standalone-compose-desktop:resolveDependenciesJvm DependencyFile            Downloaded https://repo1.maven.org/maven2/org/jetbrains/compose/ui/ui-tooling-preview/1.6.10-rc01/ui-tooling-preview-1.6.10-rc01.pom for the dependency org.jetbrains.compose.ui:ui-tooling-preview:1.6.10-rc01
00:14.280 DEBUG :amper-standalone-compose-desktop:resolveDependenciesJvm DependencyFile            Downloaded https://repo1.maven.org/maven2/org/jetbrains/compose/ui/ui/1.6.10-rc01/ui-1.6.10-rc01.pom for the dependency org.jetbrains.compose.ui:ui:1.6.10-rc01
00:14.313 DEBUG :amper-standalone-compose-desktop:resolveDependenciesJvm DependencyFile            Not found URL: https://repo1.maven.org/maven2/org/jetbrains/annotations/13.0/annotations-13.0.pom.sha256
00:14.321 DEBUG :amper-standalone-compose-desktop:resolveDependenciesJvm DependencyFile            Downloaded https://repo1.maven.org/maven2/org/jetbrains/compose/runtime/runtime/1.6.10-rc01/runtime-1.6.10-rc01.pom for the dependency org.jetbrains.compose.runtime:runtime:1.6.10-rc01
00:15.146 DEBUG :amper-standalone-compose-desktop:resolveDependenciesJvm DependencyFile            Downloaded https://repo1.maven.org/maven2/org/jetbrains/compose/foundation/foundation/1.6.10-rc01/foundation-1.6.10-rc01.pom.sha512 for the dependency org.jetbrains.compose.foundation:foundation:1.6.10-rc01
00:15.186 DEBUG :amper-standalone-compose-desktop:resolveDependenciesJvm DependencyFile            Downloaded https://repo1.maven.org/maven2/org/jetbrains/compose/material/material/1.6.10-rc01/material-1.6.10-rc01.pom.sha512 for the dependency org.jetbrains.compose.material:material:1.6.10-rc01
00:15.193 DEBUG :amper-standalone-compose-desktop:resolveDependenciesJvm DependencyFile            Downloaded https://repo1.maven.org/maven2/org/jetbrains/compose/ui/ui-tooling-preview/1.6.10-rc01/ui-tooling-preview-1.6.10-rc01.pom.sha512 for the dependency org.jetbrains.compose.ui:ui-tooling-preview:1.6.10-rc01
00:15.219 DEBUG :amper-standalone-compose-desktop:resolveDependenciesJvm DependencyFile            Downloaded https://repo1.maven.org/maven2/org/jetbrains/compose/ui/ui/1.6.10-rc01/ui-1.6.10-rc01.pom.sha512 for the dependency org.jetbrains.compose.ui:ui:1.6.10-rc01
00:15.263 DEBUG :amper-standalone-compose-desktop:resolveDependenciesJvm DependencyFile            Downloaded https://repo1.maven.org/maven2/org/jetbrains/annotations/13.0/annotations-13.0.pom.sha1 for the dependency org.jetbrains:annotations:13.0
00:15.270 DEBUG :amper-standalone-compose-desktop:resolveDependenciesJvm DependencyFile            Downloaded https://repo1.maven.org/maven2/org/jetbrains/compose/runtime/runtime/1.6.10-rc01/runtime-1.6.10-rc01.pom.sha512 for the dependency org.jetbrains.compose.runtime:runtime:1.6.10-rc01
00:16.130 DEBUG :amper-standalone-compose-desktop:resolveDependenciesJvm DependencyFile            Downloaded https://repo1.maven.org/maven2/org/jetbrains/compose/material/material/1.6.10-rc01/material-1.6.10-rc01.module for the dependency org.jetbrains.compose.material:material:1.6.10-rc01
00:16.134 DEBUG :amper-standalone-compose-desktop:resolveDependenciesJvm DependencyFile            Downloaded https://repo1.maven.org/maven2/org/jetbrains/compose/ui/ui-tooling-preview/1.6.10-rc01/ui-tooling-preview-1.6.10-rc01.module for the dependency org.jetbrains.compose.ui:ui-tooling-preview:1.6.10-rc01
00:16.140 DEBUG :amper-standalone-compose-desktop:resolveDependenciesJvm DependencyFile            Downloaded https://repo1.maven.org/maven2/org/jetbrains/compose/foundation/foundation/1.6.10-rc01/foundation-1.6.10-rc01.module for the dependency org.jetbrains.compose.foundation:foundation:1.6.10-rc01
00:16.229 DEBUG :amper-standalone-compose-desktop:resolveDependenciesJvm DependencyFile            Downloaded https://repo1.maven.org/maven2/org/jetbrains/compose/ui/ui/1.6.10-rc01/ui-1.6.10-rc01.module for the dependency org.jetbrains.compose.ui:ui:1.6.10-rc01
00:16.369 DEBUG :amper-standalone-compose-desktop:resolveDependenciesJvm DependencyFile            Downloaded https://repo1.maven.org/maven2/org/jetbrains/compose/runtime/runtime/1.6.10-rc01/runtime-1.6.10-rc01.module for the dependency org.jetbrains.compose.runtime:runtime:1.6.10-rc01
00:17.104 DEBUG :amper-standalone-compose-desktop:resolveDependenciesJvm DependencyFile            Downloaded https://repo1.maven.org/maven2/org/jetbrains/compose/material/material/1.6.10-rc01/material-1.6.10-rc01.module.sha512 for the dependency org.jetbrains.compose.material:material:1.6.10-rc01
00:17.120 DEBUG :amper-standalone-compose-desktop:resolveDependenciesJvm DependencyFile            Downloaded https://repo1.maven.org/maven2/org/jetbrains/compose/ui/ui-tooling-preview/1.6.10-rc01/ui-tooling-preview-1.6.10-rc01.module.sha512 for the dependency org.jetbrains.compose.ui:ui-tooling-preview:1.6.10-rc01
00:17.122 DEBUG :amper-standalone-compose-desktop:resolveDependenciesJvm DependencyFile            Downloaded https://repo1.maven.org/maven2/org/jetbrains/compose/foundation/foundation/1.6.10-rc01/foundation-1.6.10-rc01.module.sha512 for the dependency org.jetbrains.compose.foundation:foundation:1.6.10-rc01
00:17.122 DEBUG :amper-standalone-compose-desktop:resolveDependenciesJvm DependencyFile            Downloaded https://repo1.maven.org/maven2/org/jetbrains/compose/ui/ui/1.6.10-rc01/ui-1.6.10-rc01.module.sha512 for the dependency org.jetbrains.compose.ui:ui:1.6.10-rc01
00:17.310 DEBUG :amper-standalone-compose-desktop:resolveDependenciesJvm DependencyFile            Downloaded https://repo1.maven.org/maven2/org/jetbrains/compose/runtime/runtime/1.6.10-rc01/runtime-1.6.10-rc01.module.sha512 for the dependency org.jetbrains.compose.runtime:runtime:1.6.10-rc01
00:18.034 DEBUG :amper-standalone-compose-desktop:resolveDependenciesJvm DependencyFile            Downloaded https://repo1.maven.org/maven2/org/jetbrains/compose/material/material-desktop/1.6.10-rc01/material-desktop-1.6.10-rc01.pom for the dependency org.jetbrains.compose.material:material-desktop:1.6.10-rc01
00:18.125 DEBUG :amper-standalone-compose-desktop:resolveDependenciesJvm DependencyFile            Downloaded https://repo1.maven.org/maven2/org/jetbrains/compose/ui/ui-tooling-preview-desktop/1.6.10-rc01/ui-tooling-preview-desktop-1.6.10-rc01.pom for the dependency org.jetbrains.compose.ui:ui-tooling-preview-desktop:1.6.10-rc01
00:18.126 DEBUG :amper-standalone-compose-desktop:resolveDependenciesJvm DependencyFile            Downloaded https://repo1.maven.org/maven2/org/jetbrains/compose/ui/ui-desktop/1.6.10-rc01/ui-desktop-1.6.10-rc01.pom for the dependency org.jetbrains.compose.ui:ui-desktop:1.6.10-rc01
00:19.022 DEBUG :amper-standalone-compose-desktop:resolveDependenciesJvm DependencyFile            Downloaded https://repo1.maven.org/maven2/org/jetbrains/compose/material/material-desktop/1.6.10-rc01/material-desktop-1.6.10-rc01.pom.sha512 for the dependency org.jetbrains.compose.material:material-desktop:1.6.10-rc01
00:19.079 DEBUG :amper-standalone-compose-desktop:resolveDependenciesJvm DependencyFile            Downloaded https://repo1.maven.org/maven2/org/jetbrains/compose/ui/ui-tooling-preview-desktop/1.6.10-rc01/ui-tooling-preview-desktop-1.6.10-rc01.pom.sha512 for the dependency org.jetbrains.compose.ui:ui-tooling-preview-desktop:1.6.10-rc01
00:19.104 DEBUG :amper-standalone-compose-desktop:resolveDependenciesJvm DependencyFile            Downloaded https://repo1.maven.org/maven2/org/jetbrains/compose/ui/ui-desktop/1.6.10-rc01/ui-desktop-1.6.10-rc01.pom.sha512 for the dependency org.jetbrains.compose.ui:ui-desktop:1.6.10-rc01
00:19.129 DEBUG :amper-standalone-compose-desktop:resolveDependenciesJvm DependencyFile            Downloaded https://repo1.maven.org/maven2/org/jetbrains/compose/foundation/foundation-desktop/1.6.10-rc01/foundation-desktop-1.6.10-rc01.pom for the dependency org.jetbrains.compose.foundation:foundation-desktop:1.6.10-rc01
00:19.256 DEBUG :amper-standalone-compose-desktop:resolveDependenciesJvm DependencyFile            Downloaded https://repo1.maven.org/maven2/org/jetbrains/compose/runtime/runtime-desktop/1.6.10-rc01/runtime-desktop-1.6.10-rc01.pom for the dependency org.jetbrains.compose.runtime:runtime-desktop:1.6.10-rc01
00:19.980 DEBUG :amper-standalone-compose-desktop:resolveDependenciesJvm DependencyFile            Downloaded https://repo1.maven.org/maven2/org/jetbrains/compose/material/material-desktop/1.6.10-rc01/material-desktop-1.6.10-rc01.module for the dependency org.jetbrains.compose.material:material-desktop:1.6.10-rc01
00:20.040 DEBUG :amper-standalone-compose-desktop:resolveDependenciesJvm DependencyFile            Downloaded https://repo1.maven.org/maven2/org/jetbrains/compose/ui/ui-tooling-preview-desktop/1.6.10-rc01/ui-tooling-preview-desktop-1.6.10-rc01.module for the dependency org.jetbrains.compose.ui:ui-tooling-preview-desktop:1.6.10-rc01
00:20.067 DEBUG :amper-standalone-compose-desktop:resolveDependenciesJvm DependencyFile            Downloaded https://repo1.maven.org/maven2/org/jetbrains/compose/ui/ui-desktop/1.6.10-rc01/ui-desktop-1.6.10-rc01.module for the dependency org.jetbrains.compose.ui:ui-desktop:1.6.10-rc01
00:20.116 DEBUG :amper-standalone-compose-desktop:resolveDependenciesJvm DependencyFile            Downloaded https://repo1.maven.org/maven2/org/jetbrains/compose/foundation/foundation-desktop/1.6.10-rc01/foundation-desktop-1.6.10-rc01.pom.sha512 for the dependency org.jetbrains.compose.foundation:foundation-desktop:1.6.10-rc01
00:20.220 DEBUG :amper-standalone-compose-desktop:resolveDependenciesJvm DependencyFile            Downloaded https://repo1.maven.org/maven2/org/jetbrains/compose/runtime/runtime-desktop/1.6.10-rc01/runtime-desktop-1.6.10-rc01.pom.sha512 for the dependency org.jetbrains.compose.runtime:runtime-desktop:1.6.10-rc01
00:20.947 DEBUG :amper-standalone-compose-desktop:resolveDependenciesJvm DependencyFile            Downloaded https://repo1.maven.org/maven2/org/jetbrains/compose/material/material-desktop/1.6.10-rc01/material-desktop-1.6.10-rc01.module.sha512 for the dependency org.jetbrains.compose.material:material-desktop:1.6.10-rc01
00:20.999 DEBUG :amper-standalone-compose-desktop:resolveDependenciesJvm DependencyFile            Downloaded https://repo1.maven.org/maven2/org/jetbrains/compose/ui/ui-tooling-preview-desktop/1.6.10-rc01/ui-tooling-preview-desktop-1.6.10-rc01.module.sha512 for the dependency org.jetbrains.compose.ui:ui-tooling-preview-desktop:1.6.10-rc01
00:21.004 DEBUG :amper-standalone-compose-desktop:resolveDependenciesJvm DependencyFile            Downloaded https://repo1.maven.org/maven2/org/jetbrains/compose/ui/ui-desktop/1.6.10-rc01/ui-desktop-1.6.10-rc01.module.sha512 for the dependency org.jetbrains.compose.ui:ui-desktop:1.6.10-rc01
00:21.118 DEBUG :amper-standalone-compose-desktop:resolveDependenciesJvm DependencyFile            Downloaded https://repo1.maven.org/maven2/org/jetbrains/compose/foundation/foundation-desktop/1.6.10-rc01/foundation-desktop-1.6.10-rc01.module for the dependency org.jetbrains.compose.foundation:foundation-desktop:1.6.10-rc01
00:21.216 DEBUG :amper-standalone-compose-desktop:resolveDependenciesJvm DependencyFile            Downloaded https://repo1.maven.org/maven2/org/jetbrains/compose/runtime/runtime-desktop/1.6.10-rc01/runtime-desktop-1.6.10-rc01.module for the dependency org.jetbrains.compose.runtime:runtime-desktop:1.6.10-rc01
00:21.889 DEBUG :amper-standalone-compose-desktop:resolveDependenciesJvm DependencyFile            Downloaded https://repo1.maven.org/maven2/org/jetbrains/compose/material/material-icons-core/1.6.10-rc01/material-icons-core-1.6.10-rc01.pom for the dependency org.jetbrains.compose.material:material-icons-core:1.6.10-rc01
00:21.907 DEBUG :amper-standalone-compose-desktop:resolveDependenciesJvm DependencyFile            Downloaded https://repo1.maven.org/maven2/org/jetbrains/compose/ui/ui-unit/1.6.10-rc01/ui-unit-1.6.10-rc01.pom for the dependency org.jetbrains.compose.ui:ui-unit:1.6.10-rc01
00:21.907 DEBUG :amper-standalone-compose-desktop:resolveDependenciesJvm DependencyFile            Downloaded https://repo1.maven.org/maven2/org/jetbrains/compose/ui/ui-graphics/1.6.10-rc01/ui-graphics-1.6.10-rc01.pom for the dependency org.jetbrains.compose.ui:ui-graphics:1.6.10-rc01
00:21.933 DEBUG :amper-standalone-compose-desktop:resolveDependenciesJvm DependencyFile            Downloaded https://repo1.maven.org/maven2/org/jetbrains/compose/ui/ui-geometry/1.6.10-rc01/ui-geometry-1.6.10-rc01.pom for the dependency org.jetbrains.compose.ui:ui-geometry:1.6.10-rc01
00:21.938 DEBUG :amper-standalone-compose-desktop:resolveDependenciesJvm DependencyFile            Downloaded https://repo1.maven.org/maven2/org/jetbrains/compose/ui/ui-text/1.6.10-rc01/ui-text-1.6.10-rc01.pom for the dependency org.jetbrains.compose.ui:ui-text:1.6.10-rc01
00:21.942 DEBUG :amper-standalone-compose-desktop:resolveDependenciesJvm DependencyFile            Downloaded https://repo1.maven.org/maven2/org/jetbrains/compose/animation/animation-core/1.6.10-rc01/animation-core-1.6.10-rc01.pom for the dependency org.jetbrains.compose.animation:animation-core:1.6.10-rc01
00:21.952 DEBUG :amper-standalone-compose-desktop:resolveDependenciesJvm DependencyFile            Downloaded https://repo1.maven.org/maven2/org/jetbrains/skiko/skiko/0.8.4/skiko-0.8.4.pom for the dependency org.jetbrains.skiko:skiko:0.8.4
00:21.968 DEBUG :amper-standalone-compose-desktop:resolveDependenciesJvm DependencyFile            Downloaded https://repo1.maven.org/maven2/org/jetbrains/compose/runtime/runtime-saveable/1.6.10-rc01/runtime-saveable-1.6.10-rc01.pom for the dependency org.jetbrains.compose.runtime:runtime-saveable:1.6.10-rc01
00:22.072 DEBUG :amper-standalone-compose-desktop:resolveDependenciesJvm DependencyFile            Downloaded https://repo1.maven.org/maven2/org/jetbrains/compose/foundation/foundation-desktop/1.6.10-rc01/foundation-desktop-1.6.10-rc01.module.sha512 for the dependency org.jetbrains.compose.foundation:foundation-desktop:1.6.10-rc01
00:22.103 DEBUG :amper-standalone-compose-desktop:resolveDependenciesJvm DependencyFile            Downloaded https://repo1.maven.org/maven2/org/jetbrains/compose/runtime/runtime-desktop/1.6.10-rc01/runtime-desktop-1.6.10-rc01.module.sha512 for the dependency org.jetbrains.compose.runtime:runtime-desktop:1.6.10-rc01
00:22.775 DEBUG :amper-standalone-compose-desktop:resolveDependenciesJvm DependencyFile            Downloaded https://repo1.maven.org/maven2/org/jetbrains/compose/material/material-icons-core/1.6.10-rc01/material-icons-core-1.6.10-rc01.pom.sha512 for the dependency org.jetbrains.compose.material:material-icons-core:1.6.10-rc01
00:22.804 DEBUG :amper-standalone-compose-desktop:resolveDependenciesJvm DependencyFile            Downloaded https://repo1.maven.org/maven2/org/jetbrains/compose/ui/ui-graphics/1.6.10-rc01/ui-graphics-1.6.10-rc01.pom.sha512 for the dependency org.jetbrains.compose.ui:ui-graphics:1.6.10-rc01
00:22.872 DEBUG :amper-standalone-compose-desktop:resolveDependenciesJvm DependencyFile            Downloaded https://repo1.maven.org/maven2/org/jetbrains/compose/animation/animation-core/1.6.10-rc01/animation-core-1.6.10-rc01.pom.sha512 for the dependency org.jetbrains.compose.animation:animation-core:1.6.10-rc01
00:22.876 DEBUG :amper-standalone-compose-desktop:resolveDependenciesJvm DependencyFile            Downloaded https://repo1.maven.org/maven2/org/jetbrains/compose/ui/ui-geometry/1.6.10-rc01/ui-geometry-1.6.10-rc01.pom.sha512 for the dependency org.jetbrains.compose.ui:ui-geometry:1.6.10-rc01
00:22.884 DEBUG :amper-standalone-compose-desktop:resolveDependenciesJvm DependencyFile            Downloaded https://repo1.maven.org/maven2/org/jetbrains/compose/material/material-ripple/1.6.10-rc01/material-ripple-1.6.10-rc01.pom for the dependency org.jetbrains.compose.material:material-ripple:1.6.10-rc01
00:22.890 DEBUG :amper-standalone-compose-desktop:resolveDependenciesJvm DependencyFile            Downloaded https://repo1.maven.org/maven2/org/jetbrains/compose/ui/ui-unit/1.6.10-rc01/ui-unit-1.6.10-rc01.pom.sha512 for the dependency org.jetbrains.compose.ui:ui-unit:1.6.10-rc01
00:22.903 DEBUG :amper-standalone-compose-desktop:resolveDependenciesJvm DependencyFile            Downloaded https://repo1.maven.org/maven2/org/jetbrains/skiko/skiko/0.8.4/skiko-0.8.4.pom.sha512 for the dependency org.jetbrains.skiko:skiko:0.8.4
00:22.903 DEBUG :amper-standalone-compose-desktop:resolveDependenciesJvm DependencyFile            Downloaded https://repo1.maven.org/maven2/org/jetbrains/compose/runtime/runtime-saveable/1.6.10-rc01/runtime-saveable-1.6.10-rc01.pom.sha512 for the dependency org.jetbrains.compose.runtime:runtime-saveable:1.6.10-rc01
00:23.012 DEBUG :amper-standalone-compose-desktop:resolveDependenciesJvm DependencyFile            Downloaded https://repo1.maven.org/maven2/org/jetbrains/kotlinx/kotlinx-coroutines-core/1.8.0/kotlinx-coroutines-core-1.8.0.pom for the dependency org.jetbrains.kotlinx:kotlinx-coroutines-core:1.8.0
00:23.065 DEBUG :amper-standalone-compose-desktop:resolveDependenciesJvm DependencyFile            Downloaded https://repo1.maven.org/maven2/org/jetbrains/compose/animation/animation/1.6.10-rc01/animation-1.6.10-rc01.pom for the dependency org.jetbrains.compose.animation:animation:1.6.10-rc01
00:23.737 DEBUG :amper-standalone-compose-desktop:resolveDependenciesJvm DependencyFile            Downloaded https://repo1.maven.org/maven2/org/jetbrains/compose/ui/ui-graphics/1.6.10-rc01/ui-graphics-1.6.10-rc01.module for the dependency org.jetbrains.compose.ui:ui-graphics:1.6.10-rc01
00:23.777 DEBUG :amper-standalone-compose-desktop:resolveDependenciesJvm DependencyFile            Downloaded https://repo1.maven.org/maven2/org/jetbrains/compose/material/material-ripple/1.6.10-rc01/material-ripple-1.6.10-rc01.pom.sha512 for the dependency org.jetbrains.compose.material:material-ripple:1.6.10-rc01
00:23.796 DEBUG :amper-standalone-compose-desktop:resolveDependenciesJvm DependencyFile            Downloaded https://repo1.maven.org/maven2/org/jetbrains/compose/animation/animation-core/1.6.10-rc01/animation-core-1.6.10-rc01.module for the dependency org.jetbrains.compose.animation:animation-core:1.6.10-rc01
00:23.800 DEBUG :amper-standalone-compose-desktop:resolveDependenciesJvm DependencyFile            Downloaded https://repo1.maven.org/maven2/org/jetbrains/compose/ui/ui-geometry/1.6.10-rc01/ui-geometry-1.6.10-rc01.module for the dependency org.jetbrains.compose.ui:ui-geometry:1.6.10-rc01
00:23.813 DEBUG :amper-standalone-compose-desktop:resolveDependenciesJvm DependencyFile            Downloaded https://repo1.maven.org/maven2/org/jetbrains/compose/material/material-icons-core/1.6.10-rc01/material-icons-core-1.6.10-rc01.module for the dependency org.jetbrains.compose.material:material-icons-core:1.6.10-rc01
00:23.815 DEBUG :amper-standalone-compose-desktop:resolveDependenciesJvm DependencyFile            Downloaded https://repo1.maven.org/maven2/org/jetbrains/compose/ui/ui-unit/1.6.10-rc01/ui-unit-1.6.10-rc01.module for the dependency org.jetbrains.compose.ui:ui-unit:1.6.10-rc01
00:23.845 DEBUG :amper-standalone-compose-desktop:resolveDependenciesJvm DependencyFile            Downloaded https://repo1.maven.org/maven2/org/jetbrains/compose/ui/ui-util/1.6.10-rc01/ui-util-1.6.10-rc01.pom for the dependency org.jetbrains.compose.ui:ui-util:1.6.10-rc01
00:23.890 DEBUG :amper-standalone-compose-desktop:resolveDependenciesJvm DependencyFile            Downloaded https://repo1.maven.org/maven2/org/jetbrains/compose/ui/ui-text/1.6.10-rc01/ui-text-1.6.10-rc01.pom.sha512 for the dependency org.jetbrains.compose.ui:ui-text:1.6.10-rc01
00:23.891 DEBUG :amper-standalone-compose-desktop:resolveDependenciesJvm DependencyFile            Downloaded https://repo1.maven.org/maven2/org/jetbrains/skiko/skiko/0.8.4/skiko-0.8.4.module for the dependency org.jetbrains.skiko:skiko:0.8.4
00:23.897 DEBUG :amper-standalone-compose-desktop:resolveDependenciesJvm DependencyFile            Downloaded https://repo1.maven.org/maven2/org/jetbrains/kotlinx/kotlinx-coroutines-core/1.8.0/kotlinx-coroutines-core-1.8.0.pom.sha512 for the dependency org.jetbrains.kotlinx:kotlinx-coroutines-core:1.8.0
00:23.928 DEBUG :amper-standalone-compose-desktop:resolveDependenciesJvm DependencyFile            Downloaded https://repo1.maven.org/maven2/org/jetbrains/compose/runtime/runtime-saveable/1.6.10-rc01/runtime-saveable-1.6.10-rc01.module for the dependency org.jetbrains.compose.runtime:runtime-saveable:1.6.10-rc01
00:24.004 DEBUG :amper-standalone-compose-desktop:resolveDependenciesJvm DependencyFile            Downloaded https://repo1.maven.org/maven2/org/jetbrains/compose/animation/animation/1.6.10-rc01/animation-1.6.10-rc01.pom.sha512 for the dependency org.jetbrains.compose.animation:animation:1.6.10-rc01
00:24.637 DEBUG :amper-standalone-compose-desktop:resolveDependenciesJvm DependencyFile            Downloaded https://repo1.maven.org/maven2/org/jetbrains/compose/ui/ui-graphics/1.6.10-rc01/ui-graphics-1.6.10-rc01.module.sha512 for the dependency org.jetbrains.compose.ui:ui-graphics:1.6.10-rc01
00:24.731 DEBUG :amper-standalone-compose-desktop:resolveDependenciesJvm DependencyFile            Downloaded https://repo1.maven.org/maven2/org/jetbrains/compose/ui/ui-util/1.6.10-rc01/ui-util-1.6.10-rc01.pom.sha512 for the dependency org.jetbrains.compose.ui:ui-util:1.6.10-rc01
00:24.736 DEBUG :amper-standalone-compose-desktop:resolveDependenciesJvm DependencyFile            Downloaded https://repo1.maven.org/maven2/org/jetbrains/compose/ui/ui-unit/1.6.10-rc01/ui-unit-1.6.10-rc01.module.sha512 for the dependency org.jetbrains.compose.ui:ui-unit:1.6.10-rc01
00:24.744 DEBUG :amper-standalone-compose-desktop:resolveDependenciesJvm DependencyFile            Downloaded https://repo1.maven.org/maven2/org/jetbrains/compose/ui/ui-geometry/1.6.10-rc01/ui-geometry-1.6.10-rc01.module.sha512 for the dependency org.jetbrains.compose.ui:ui-geometry:1.6.10-rc01
00:24.762 DEBUG :amper-standalone-compose-desktop:resolveDependenciesJvm DependencyFile            Downloaded https://repo1.maven.org/maven2/org/jetbrains/compose/animation/animation-core/1.6.10-rc01/animation-core-1.6.10-rc01.module.sha512 for the dependency org.jetbrains.compose.animation:animation-core:1.6.10-rc01
00:24.764 DEBUG :amper-standalone-compose-desktop:resolveDependenciesJvm DependencyFile            Downloaded https://repo1.maven.org/maven2/org/jetbrains/compose/material/material-icons-core/1.6.10-rc01/material-icons-core-1.6.10-rc01.module.sha512 for the dependency org.jetbrains.compose.material:material-icons-core:1.6.10-rc01
00:24.767 DEBUG :amper-standalone-compose-desktop:resolveDependenciesJvm DependencyFile            Downloaded https://repo1.maven.org/maven2/org/jetbrains/compose/material/material-ripple/1.6.10-rc01/material-ripple-1.6.10-rc01.module for the dependency org.jetbrains.compose.material:material-ripple:1.6.10-rc01
00:24.847 DEBUG :amper-standalone-compose-desktop:resolveDependenciesJvm DependencyFile            Downloaded https://repo1.maven.org/maven2/org/jetbrains/skiko/skiko/0.8.4/skiko-0.8.4.module.sha512 for the dependency org.jetbrains.skiko:skiko:0.8.4
00:24.889 DEBUG :amper-standalone-compose-desktop:resolveDependenciesJvm DependencyFile            Downloaded https://repo1.maven.org/maven2/org/jetbrains/compose/runtime/runtime-saveable/1.6.10-rc01/runtime-saveable-1.6.10-rc01.module.sha512 for the dependency org.jetbrains.compose.runtime:runtime-saveable:1.6.10-rc01
00:24.930 DEBUG :amper-standalone-compose-desktop:resolveDependenciesJvm DependencyFile            Downloaded https://repo1.maven.org/maven2/org/jetbrains/compose/ui/ui-text/1.6.10-rc01/ui-text-1.6.10-rc01.module for the dependency org.jetbrains.compose.ui:ui-text:1.6.10-rc01
00:24.987 DEBUG :amper-standalone-compose-desktop:resolveDependenciesJvm DependencyFile            Downloaded https://repo1.maven.org/maven2/org/jetbrains/compose/animation/animation/1.6.10-rc01/animation-1.6.10-rc01.module for the dependency org.jetbrains.compose.animation:animation:1.6.10-rc01
00:25.039 DEBUG :amper-standalone-compose-desktop:resolveDependenciesJvm DependencyFile            Downloaded https://repo1.maven.org/maven2/org/jetbrains/kotlinx/kotlinx-coroutines-core/1.8.0/kotlinx-coroutines-core-1.8.0.module for the dependency org.jetbrains.kotlinx:kotlinx-coroutines-core:1.8.0
00:25.628 DEBUG :amper-standalone-compose-desktop:resolveDependenciesJvm DependencyFile            Downloaded https://repo1.maven.org/maven2/org/jetbrains/compose/ui/ui-graphics-desktop/1.6.10-rc01/ui-graphics-desktop-1.6.10-rc01.pom for the dependency org.jetbrains.compose.ui:ui-graphics-desktop:1.6.10-rc01
00:25.695 DEBUG :amper-standalone-compose-desktop:resolveDependenciesJvm DependencyFile            Downloaded https://repo1.maven.org/maven2/org/jetbrains/compose/ui/ui-geometry-desktop/1.6.10-rc01/ui-geometry-desktop-1.6.10-rc01.pom for the dependency org.jetbrains.compose.ui:ui-geometry-desktop:1.6.10-rc01
00:25.715 DEBUG :amper-standalone-compose-desktop:resolveDependenciesJvm DependencyFile            Downloaded https://repo1.maven.org/maven2/org/jetbrains/compose/ui/ui-util/1.6.10-rc01/ui-util-1.6.10-rc01.module for the dependency org.jetbrains.compose.ui:ui-util:1.6.10-rc01
00:25.735 DEBUG :amper-standalone-compose-desktop:resolveDependenciesJvm DependencyFile            Downloaded https://repo1.maven.org/maven2/org/jetbrains/compose/ui/ui-unit-desktop/1.6.10-rc01/ui-unit-desktop-1.6.10-rc01.pom for the dependency org.jetbrains.compose.ui:ui-unit-desktop:1.6.10-rc01
00:25.768 DEBUG :amper-standalone-compose-desktop:resolveDependenciesJvm DependencyFile            Downloaded https://repo1.maven.org/maven2/org/jetbrains/compose/material/material-icons-core-desktop/1.6.10-rc01/material-icons-core-desktop-1.6.10-rc01.pom for the dependency org.jetbrains.compose.material:material-icons-core-desktop:1.6.10-rc01
00:25.792 DEBUG :amper-standalone-compose-desktop:resolveDependenciesJvm DependencyFile            Downloaded https://repo1.maven.org/maven2/org/jetbrains/skiko/skiko-awt/0.8.4/skiko-awt-0.8.4.pom for the dependency org.jetbrains.skiko:skiko-awt:0.8.4
00:25.861 DEBUG :amper-standalone-compose-desktop:resolveDependenciesJvm DependencyFile            Downloaded https://repo1.maven.org/maven2/org/jetbrains/compose/runtime/runtime-saveable-desktop/1.6.10-rc01/runtime-saveable-desktop-1.6.10-rc01.pom for the dependency org.jetbrains.compose.runtime:runtime-saveable-desktop:1.6.10-rc01
00:25.921 DEBUG :amper-standalone-compose-desktop:resolveDependenciesJvm DependencyFile            Downloaded https://repo1.maven.org/maven2/org/jetbrains/compose/ui/ui-text/1.6.10-rc01/ui-text-1.6.10-rc01.module.sha512 for the dependency org.jetbrains.compose.ui:ui-text:1.6.10-rc01
00:25.970 DEBUG :amper-standalone-compose-desktop:resolveDependenciesJvm DependencyFile            Downloaded https://repo1.maven.org/maven2/org/jetbrains/compose/animation/animation/1.6.10-rc01/animation-1.6.10-rc01.module.sha512 for the dependency org.jetbrains.compose.animation:animation:1.6.10-rc01
00:26.032 DEBUG :amper-standalone-compose-desktop:resolveDependenciesJvm DependencyFile            Downloaded https://repo1.maven.org/maven2/org/jetbrains/kotlinx/kotlinx-coroutines-core/1.8.0/kotlinx-coroutines-core-1.8.0.module.sha512 for the dependency org.jetbrains.kotlinx:kotlinx-coroutines-core:1.8.0
00:26.591 DEBUG :amper-standalone-compose-desktop:resolveDependenciesJvm DependencyFile            Downloaded https://repo1.maven.org/maven2/org/jetbrains/compose/ui/ui-geometry-desktop/1.6.10-rc01/ui-geometry-desktop-1.6.10-rc01.pom.sha512 for the dependency org.jetbrains.compose.ui:ui-geometry-desktop:1.6.10-rc01
00:26.624 DEBUG :amper-standalone-compose-desktop:resolveDependenciesJvm DependencyFile            Downloaded https://repo1.maven.org/maven2/org/jetbrains/compose/ui/ui-graphics-desktop/1.6.10-rc01/ui-graphics-desktop-1.6.10-rc01.pom.sha512 for the dependency org.jetbrains.compose.ui:ui-graphics-desktop:1.6.10-rc01
00:26.662 DEBUG :amper-standalone-compose-desktop:resolveDependenciesJvm DependencyFile            Downloaded https://repo1.maven.org/maven2/org/jetbrains/compose/material/material-ripple/1.6.10-rc01/material-ripple-1.6.10-rc01.module.sha512 for the dependency org.jetbrains.compose.material:material-ripple:1.6.10-rc01
00:26.678 DEBUG :amper-standalone-compose-desktop:resolveDependenciesJvm DependencyFile            Downloaded https://repo1.maven.org/maven2/org/jetbrains/compose/ui/ui-unit-desktop/1.6.10-rc01/ui-unit-desktop-1.6.10-rc01.pom.sha512 for the dependency org.jetbrains.compose.ui:ui-unit-desktop:1.6.10-rc01
00:26.679 DEBUG :amper-standalone-compose-desktop:resolveDependenciesJvm DependencyFile            Downloaded https://repo1.maven.org/maven2/org/jetbrains/skiko/skiko-awt/0.8.4/skiko-awt-0.8.4.pom.sha512 for the dependency org.jetbrains.skiko:skiko-awt:0.8.4
00:26.705 DEBUG :amper-standalone-compose-desktop:resolveDependenciesJvm DependencyFile            Downloaded https://repo1.maven.org/maven2/org/jetbrains/compose/ui/ui-util/1.6.10-rc01/ui-util-1.6.10-rc01.module.sha512 for the dependency org.jetbrains.compose.ui:ui-util:1.6.10-rc01
00:26.831 DEBUG :amper-standalone-compose-desktop:resolveDependenciesJvm DependencyFile            Downloaded https://repo1.maven.org/maven2/org/jetbrains/compose/ui/ui-text-desktop/1.6.10-rc01/ui-text-desktop-1.6.10-rc01.pom for the dependency org.jetbrains.compose.ui:ui-text-desktop:1.6.10-rc01
00:26.850 DEBUG :amper-standalone-compose-desktop:resolveDependenciesJvm DependencyFile            Downloaded https://repo1.maven.org/maven2/org/jetbrains/compose/runtime/runtime-saveable-desktop/1.6.10-rc01/runtime-saveable-desktop-1.6.10-rc01.pom.sha512 for the dependency org.jetbrains.compose.runtime:runtime-saveable-desktop:1.6.10-rc01
00:26.965 DEBUG :amper-standalone-compose-desktop:resolveDependenciesJvm DependencyFile            Downloaded https://repo1.maven.org/maven2/org/jetbrains/compose/animation/animation-desktop/1.6.10-rc01/animation-desktop-1.6.10-rc01.pom for the dependency org.jetbrains.compose.animation:animation-desktop:1.6.10-rc01
00:27.029 DEBUG :amper-standalone-compose-desktop:resolveDependenciesJvm DependencyFile            Downloaded https://repo1.maven.org/maven2/org/jetbrains/kotlinx/kotlinx-coroutines-core-jvm/1.8.0/kotlinx-coroutines-core-jvm-1.8.0.pom for the dependency org.jetbrains.kotlinx:kotlinx-coroutines-core-jvm:1.8.0
00:27.527 DEBUG :amper-standalone-compose-desktop:resolveDependenciesJvm DependencyFile            Downloaded https://repo1.maven.org/maven2/org/jetbrains/compose/ui/ui-geometry-desktop/1.6.10-rc01/ui-geometry-desktop-1.6.10-rc01.module for the dependency org.jetbrains.compose.ui:ui-geometry-desktop:1.6.10-rc01
00:27.540 DEBUG :amper-standalone-compose-desktop:resolveDependenciesJvm DependencyFile            Downloaded https://repo1.maven.org/maven2/org/jetbrains/compose/animation/animation-core-desktop/1.6.10-rc01/animation-core-desktop-1.6.10-rc01.pom for the dependency org.jetbrains.compose.animation:animation-core-desktop:1.6.10-rc01
00:27.561 DEBUG :amper-standalone-compose-desktop:resolveDependenciesJvm DependencyFile            Downloaded https://repo1.maven.org/maven2/org/jetbrains/compose/ui/ui-graphics-desktop/1.6.10-rc01/ui-graphics-desktop-1.6.10-rc01.module for the dependency org.jetbrains.compose.ui:ui-graphics-desktop:1.6.10-rc01
00:27.616 DEBUG :amper-standalone-compose-desktop:resolveDependenciesJvm DependencyFile            Downloaded https://repo1.maven.org/maven2/org/jetbrains/compose/ui/ui-unit-desktop/1.6.10-rc01/ui-unit-desktop-1.6.10-rc01.module for the dependency org.jetbrains.compose.ui:ui-unit-desktop:1.6.10-rc01
00:27.617 DEBUG :amper-standalone-compose-desktop:resolveDependenciesJvm DependencyFile            Downloaded https://repo1.maven.org/maven2/org/jetbrains/skiko/skiko-awt/0.8.4/skiko-awt-0.8.4.module for the dependency org.jetbrains.skiko:skiko-awt:0.8.4
00:27.621 DEBUG :amper-standalone-compose-desktop:resolveDependenciesJvm DependencyFile            Downloaded https://repo1.maven.org/maven2/org/jetbrains/compose/material/material-ripple-desktop/1.6.10-rc01/material-ripple-desktop-1.6.10-rc01.pom for the dependency org.jetbrains.compose.material:material-ripple-desktop:1.6.10-rc01
00:27.642 DEBUG :amper-standalone-compose-desktop:resolveDependenciesJvm DependencyFile            Downloaded https://repo1.maven.org/maven2/org/jetbrains/compose/ui/ui-util-desktop/1.6.10-rc01/ui-util-desktop-1.6.10-rc01.pom for the dependency org.jetbrains.compose.ui:ui-util-desktop:1.6.10-rc01
00:27.750 DEBUG :amper-standalone-compose-desktop:resolveDependenciesJvm DependencyFile            Downloaded https://repo1.maven.org/maven2/org/jetbrains/compose/material/material-icons-core-desktop/1.6.10-rc01/material-icons-core-desktop-1.6.10-rc01.pom.sha512 for the dependency org.jetbrains.compose.material:material-icons-core-desktop:1.6.10-rc01
00:27.798 DEBUG :amper-standalone-compose-desktop:resolveDependenciesJvm DependencyFile            Downloaded https://repo1.maven.org/maven2/org/jetbrains/compose/runtime/runtime-saveable-desktop/1.6.10-rc01/runtime-saveable-desktop-1.6.10-rc01.module for the dependency org.jetbrains.compose.runtime:runtime-saveable-desktop:1.6.10-rc01
00:27.833 DEBUG :amper-standalone-compose-desktop:resolveDependenciesJvm DependencyFile            Downloaded https://repo1.maven.org/maven2/org/jetbrains/compose/ui/ui-text-desktop/1.6.10-rc01/ui-text-desktop-1.6.10-rc01.pom.sha512 for the dependency org.jetbrains.compose.ui:ui-text-desktop:1.6.10-rc01
00:27.902 DEBUG :amper-standalone-compose-desktop:resolveDependenciesJvm DependencyFile            Downloaded https://repo1.maven.org/maven2/org/jetbrains/compose/animation/animation-desktop/1.6.10-rc01/animation-desktop-1.6.10-rc01.pom.sha512 for the dependency org.jetbrains.compose.animation:animation-desktop:1.6.10-rc01
00:27.973 DEBUG :amper-standalone-compose-desktop:resolveDependenciesJvm DependencyFile            Downloaded https://repo1.maven.org/maven2/org/jetbrains/kotlinx/kotlinx-coroutines-core-jvm/1.8.0/kotlinx-coroutines-core-jvm-1.8.0.pom.sha512 for the dependency org.jetbrains.kotlinx:kotlinx-coroutines-core-jvm:1.8.0
00:28.426 DEBUG :amper-standalone-compose-desktop:resolveDependenciesJvm DependencyFile            Downloaded https://repo1.maven.org/maven2/org/jetbrains/compose/ui/ui-geometry-desktop/1.6.10-rc01/ui-geometry-desktop-1.6.10-rc01.module.sha512 for the dependency org.jetbrains.compose.ui:ui-geometry-desktop:1.6.10-rc01
00:28.504 DEBUG :amper-standalone-compose-desktop:resolveDependenciesJvm DependencyFile            Downloaded https://repo1.maven.org/maven2/org/jetbrains/compose/animation/animation-core-desktop/1.6.10-rc01/animation-core-desktop-1.6.10-rc01.pom.sha512 for the dependency org.jetbrains.compose.animation:animation-core-desktop:1.6.10-rc01
00:28.512 DEBUG :amper-standalone-compose-desktop:resolveDependenciesJvm DependencyFile            Downloaded https://repo1.maven.org/maven2/org/jetbrains/compose/ui/ui-unit-desktop/1.6.10-rc01/ui-unit-desktop-1.6.10-rc01.module.sha512 for the dependency org.jetbrains.compose.ui:ui-unit-desktop:1.6.10-rc01
00:28.553 DEBUG :amper-standalone-compose-desktop:resolveDependenciesJvm DependencyFile            Downloaded https://repo1.maven.org/maven2/org/jetbrains/compose/ui/ui-graphics-desktop/1.6.10-rc01/ui-graphics-desktop-1.6.10-rc01.module.sha512 for the dependency org.jetbrains.compose.ui:ui-graphics-desktop:1.6.10-rc01
00:28.563 DEBUG :amper-standalone-compose-desktop:resolveDependenciesJvm DependencyFile            Downloaded https://repo1.maven.org/maven2/org/jetbrains/skiko/skiko-awt/0.8.4/skiko-awt-0.8.4.module.sha512 for the dependency org.jetbrains.skiko:skiko-awt:0.8.4
00:28.569 DEBUG :amper-standalone-compose-desktop:resolveDependenciesJvm DependencyFile            Downloaded https://repo1.maven.org/maven2/org/jetbrains/compose/material/material-ripple-desktop/1.6.10-rc01/material-ripple-desktop-1.6.10-rc01.pom.sha512 for the dependency org.jetbrains.compose.material:material-ripple-desktop:1.6.10-rc01
00:28.629 DEBUG :amper-standalone-compose-desktop:resolveDependenciesJvm DependencyFile            Downloaded https://repo1.maven.org/maven2/org/jetbrains/compose/ui/ui-util-desktop/1.6.10-rc01/ui-util-desktop-1.6.10-rc01.pom.sha512 for the dependency org.jetbrains.compose.ui:ui-util-desktop:1.6.10-rc01
00:28.641 DEBUG :amper-standalone-compose-desktop:resolveDependenciesJvm DependencyFile            Downloaded https://repo1.maven.org/maven2/org/jetbrains/compose/material/material-icons-core-desktop/1.6.10-rc01/material-icons-core-desktop-1.6.10-rc01.module for the dependency org.jetbrains.compose.material:material-icons-core-desktop:1.6.10-rc01
00:28.793 DEBUG :amper-standalone-compose-desktop:resolveDependenciesJvm DependencyFile            Downloaded https://repo1.maven.org/maven2/org/jetbrains/compose/animation/animation-desktop/1.6.10-rc01/animation-desktop-1.6.10-rc01.module for the dependency org.jetbrains.compose.animation:animation-desktop:1.6.10-rc01
00:28.799 DEBUG :amper-standalone-compose-desktop:resolveDependenciesJvm DependencyFile            Downloaded https://repo1.maven.org/maven2/org/jetbrains/compose/runtime/runtime-saveable-desktop/1.6.10-rc01/runtime-saveable-desktop-1.6.10-rc01.module.sha512 for the dependency org.jetbrains.compose.runtime:runtime-saveable-desktop:1.6.10-rc01
00:28.828 DEBUG :amper-standalone-compose-desktop:resolveDependenciesJvm DependencyFile            Downloaded https://repo1.maven.org/maven2/org/jetbrains/compose/ui/ui-text-desktop/1.6.10-rc01/ui-text-desktop-1.6.10-rc01.module for the dependency org.jetbrains.compose.ui:ui-text-desktop:1.6.10-rc01
00:28.868 DEBUG :amper-standalone-compose-desktop:resolveDependenciesJvm DependencyFile            Downloaded https://repo1.maven.org/maven2/org/jetbrains/kotlinx/kotlinx-coroutines-core-jvm/1.8.0/kotlinx-coroutines-core-jvm-1.8.0.module for the dependency org.jetbrains.kotlinx:kotlinx-coroutines-core-jvm:1.8.0
00:29.398 DEBUG :amper-standalone-compose-desktop:resolveDependenciesJvm DependencyFile            Downloaded https://repo1.maven.org/maven2/org/jetbrains/compose/animation/animation-core-desktop/1.6.10-rc01/animation-core-desktop-1.6.10-rc01.module for the dependency org.jetbrains.compose.animation:animation-core-desktop:1.6.10-rc01
00:29.541 DEBUG :amper-standalone-compose-desktop:resolveDependenciesJvm DependencyFile            Downloaded https://repo1.maven.org/maven2/org/jetbrains/compose/material/material-ripple-desktop/1.6.10-rc01/material-ripple-desktop-1.6.10-rc01.module for the dependency org.jetbrains.compose.material:material-ripple-desktop:1.6.10-rc01
00:29.597 DEBUG :amper-standalone-compose-desktop:resolveDependenciesJvm DependencyFile            Downloaded https://repo1.maven.org/maven2/org/jetbrains/compose/material/material-icons-core-desktop/1.6.10-rc01/material-icons-core-desktop-1.6.10-rc01.module.sha512 for the dependency org.jetbrains.compose.material:material-icons-core-desktop:1.6.10-rc01
00:29.597 DEBUG :amper-standalone-compose-desktop:resolveDependenciesJvm DependencyFile            Downloaded https://repo1.maven.org/maven2/org/jetbrains/compose/ui/ui-util-desktop/1.6.10-rc01/ui-util-desktop-1.6.10-rc01.module for the dependency org.jetbrains.compose.ui:ui-util-desktop:1.6.10-rc01
00:29.716 DEBUG :amper-standalone-compose-desktop:resolveDependenciesJvm DependencyFile            Downloaded https://repo1.maven.org/maven2/org/jetbrains/compose/ui/ui-text-desktop/1.6.10-rc01/ui-text-desktop-1.6.10-rc01.module.sha512 for the dependency org.jetbrains.compose.ui:ui-text-desktop:1.6.10-rc01
00:29.779 DEBUG :amper-standalone-compose-desktop:resolveDependenciesJvm DependencyFile            Downloaded https://repo1.maven.org/maven2/org/jetbrains/compose/animation/animation-desktop/1.6.10-rc01/animation-desktop-1.6.10-rc01.module.sha512 for the dependency org.jetbrains.compose.animation:animation-desktop:1.6.10-rc01
00:29.811 DEBUG :amper-standalone-compose-desktop:resolveDependenciesJvm DependencyFile            Downloaded https://repo1.maven.org/maven2/org/jetbrains/kotlinx/kotlinx-coroutines-core-jvm/1.8.0/kotlinx-coroutines-core-jvm-1.8.0.module.sha512 for the dependency org.jetbrains.kotlinx:kotlinx-coroutines-core-jvm:1.8.0
00:30.295 DEBUG :amper-standalone-compose-desktop:resolveDependenciesJvm DependencyFile            Downloaded https://repo1.maven.org/maven2/org/jetbrains/compose/animation/animation-core-desktop/1.6.10-rc01/animation-core-desktop-1.6.10-rc01.module.sha512 for the dependency org.jetbrains.compose.animation:animation-core-desktop:1.6.10-rc01
00:30.472 DEBUG :amper-standalone-compose-desktop:resolveDependenciesJvm DependencyFile            Downloaded https://repo1.maven.org/maven2/org/jetbrains/compose/material/material-ripple-desktop/1.6.10-rc01/material-ripple-desktop-1.6.10-rc01.module.sha512 for the dependency org.jetbrains.compose.material:material-ripple-desktop:1.6.10-rc01
00:30.544 DEBUG :amper-standalone-compose-desktop:resolveDependenciesJvm DependencyFile            Downloaded https://repo1.maven.org/maven2/org/jetbrains/compose/ui/ui-util-desktop/1.6.10-rc01/ui-util-desktop-1.6.10-rc01.module.sha512 for the dependency org.jetbrains.compose.ui:ui-util-desktop:1.6.10-rc01
00:30.679 DEBUG :amper-standalone-compose-desktop:resolveDependenciesJvm DependencyFile            Downloaded https://repo1.maven.org/maven2/org/jetbrains/compose/foundation/foundation-layout/1.6.10-rc01/foundation-layout-1.6.10-rc01.pom for the dependency org.jetbrains.compose.foundation:foundation-layout:1.6.10-rc01
00:30.799 DEBUG :amper-standalone-compose-desktop:resolveDependenciesJvm DependencyFile            Downloaded https://repo1.maven.org/maven2/org/jetbrains/kotlinx/kotlinx-coroutines-bom/1.8.0/kotlinx-coroutines-bom-1.8.0.pom for the dependency org.jetbrains.kotlinx:kotlinx-coroutines-bom:1.8.0
00:31.619 DEBUG :amper-standalone-compose-desktop:resolveDependenciesJvm DependencyFile            Downloaded https://repo1.maven.org/maven2/org/jetbrains/compose/foundation/foundation-layout/1.6.10-rc01/foundation-layout-1.6.10-rc01.pom.sha512 for the dependency org.jetbrains.compose.foundation:foundation-layout:1.6.10-rc01
00:31.792 DEBUG :amper-standalone-compose-desktop:resolveDependenciesJvm DependencyFile            Downloaded https://repo1.maven.org/maven2/org/jetbrains/kotlinx/kotlinx-coroutines-bom/1.8.0/kotlinx-coroutines-bom-1.8.0.pom.sha512 for the dependency org.jetbrains.kotlinx:kotlinx-coroutines-bom:1.8.0
00:32.607 DEBUG :amper-standalone-compose-desktop:resolveDependenciesJvm DependencyFile            Downloaded https://repo1.maven.org/maven2/org/jetbrains/compose/foundation/foundation-layout/1.6.10-rc01/foundation-layout-1.6.10-rc01.module for the dependency org.jetbrains.compose.foundation:foundation-layout:1.6.10-rc01
00:33.558 DEBUG :amper-standalone-compose-desktop:resolveDependenciesJvm DependencyFile            Downloaded https://repo1.maven.org/maven2/org/jetbrains/compose/foundation/foundation-layout/1.6.10-rc01/foundation-layout-1.6.10-rc01.module.sha512 for the dependency org.jetbrains.compose.foundation:foundation-layout:1.6.10-rc01
00:34.559 DEBUG :amper-standalone-compose-desktop:resolveDependenciesJvm DependencyFile            Downloaded https://repo1.maven.org/maven2/org/jetbrains/compose/foundation/foundation-layout-desktop/1.6.10-rc01/foundation-layout-desktop-1.6.10-rc01.pom for the dependency org.jetbrains.compose.foundation:foundation-layout-desktop:1.6.10-rc01
00:35.638 DEBUG :amper-standalone-compose-desktop:resolveDependenciesJvm DependencyFile            Downloaded https://repo1.maven.org/maven2/org/jetbrains/compose/foundation/foundation-layout-desktop/1.6.10-rc01/foundation-layout-desktop-1.6.10-rc01.pom.sha512 for the dependency org.jetbrains.compose.foundation:foundation-layout-desktop:1.6.10-rc01
00:36.550 DEBUG :amper-standalone-compose-desktop:resolveDependenciesJvm DependencyFile            Downloaded https://repo1.maven.org/maven2/org/jetbrains/compose/foundation/foundation-layout-desktop/1.6.10-rc01/foundation-layout-desktop-1.6.10-rc01.module for the dependency org.jetbrains.compose.foundation:foundation-layout-desktop:1.6.10-rc01
00:37.541 DEBUG :amper-standalone-compose-desktop:resolveDependenciesJvm DependencyFile            Downloaded https://repo1.maven.org/maven2/org/jetbrains/compose/foundation/foundation-layout-desktop/1.6.10-rc01/foundation-layout-desktop-1.6.10-rc01.module.sha512 for the dependency org.jetbrains.compose.foundation:foundation-layout-desktop:1.6.10-rc01
00:38.539 DEBUG :amper-standalone-compose-desktop:resolveDependenciesJvm DependencyFile            Downloaded https://repo1.maven.org/maven2/org/jetbrains/annotations/23.0.0/annotations-23.0.0.pom for the dependency org.jetbrains:annotations:23.0.0
00:39.611 DEBUG :amper-standalone-compose-desktop:resolveDependenciesJvm DependencyFile            Not found URL: https://repo1.maven.org/maven2/org/jetbrains/annotations/23.0.0/annotations-23.0.0.pom.sha512
00:40.671 DEBUG :amper-standalone-compose-desktop:resolveDependenciesJvm DependencyFile            Not found URL: https://repo1.maven.org/maven2/org/jetbrains/annotations/23.0.0/annotations-23.0.0.pom.sha256
00:41.672 DEBUG :amper-standalone-compose-desktop:resolveDependenciesJvm DependencyFile            Downloaded https://repo1.maven.org/maven2/org/jetbrains/annotations/23.0.0/annotations-23.0.0.pom.sha1 for the dependency org.jetbrains:annotations:23.0.0
00:42.952 DEBUG :amper-standalone-compose-desktop:resolveDependenciesJvm DependencyFile            Downloaded https://repo1.maven.org/maven2/org/jetbrains/compose/ui/ui-unit-desktop/1.6.10-rc01/ui-unit-desktop-1.6.10-rc01.jar for the dependency org.jetbrains.compose.ui:ui-unit-desktop:1.6.10-rc01
00:43.023 DEBUG :amper-standalone-compose-desktop:resolveDependenciesJvm DependencyFile            Downloaded https://repo1.maven.org/maven2/org/jetbrains/compose/material/material-ripple-desktop/1.6.10-rc01/material-ripple-desktop-1.6.10-rc01.jar for the dependency org.jetbrains.compose.material:material-ripple-desktop:1.6.10-rc01
00:43.396 DEBUG :amper-standalone-compose-desktop:resolveDependenciesJvm DependencyFile            Downloaded https://repo1.maven.org/maven2/org/jetbrains/compose/animation/animation-core-desktop/1.6.10-rc01/animation-core-desktop-1.6.10-rc01.jar for the dependency org.jetbrains.compose.animation:animation-core-desktop:1.6.10-rc01
00:43.496 DEBUG :amper-standalone-compose-desktop:resolveDependenciesJvm DependencyFile            Downloaded https://repo1.maven.org/maven2/org/jetbrains/compose/animation/animation-desktop/1.6.10-rc01/animation-desktop-1.6.10-rc01.jar for the dependency org.jetbrains.compose.animation:animation-desktop:1.6.10-rc01
00:43.563 DEBUG :amper-standalone-compose-desktop:resolveDependenciesJvm DependencyFile            Downloaded https://repo1.maven.org/maven2/org/jetbrains/compose/ui/ui-graphics-desktop/1.6.10-rc01/ui-graphics-desktop-1.6.10-rc01.jar for the dependency org.jetbrains.compose.ui:ui-graphics-desktop:1.6.10-rc01
00:43.687 DEBUG :amper-standalone-compose-desktop:resolveDependenciesJvm DependencyFile            Downloaded https://repo1.maven.org/maven2/org/jetbrains/compose/ui/ui-tooling-preview-desktop/1.6.10-rc01/ui-tooling-preview-desktop-1.6.10-rc01.jar for the dependency org.jetbrains.compose.ui:ui-tooling-preview-desktop:1.6.10-rc01
00:43.705 DEBUG :amper-standalone-compose-desktop:resolveDependenciesJvm DependencyFile            Downloaded https://repo1.maven.org/maven2/org/jetbrains/compose/ui/ui-util-desktop/1.6.10-rc01/ui-util-desktop-1.6.10-rc01.jar for the dependency org.jetbrains.compose.ui:ui-util-desktop:1.6.10-rc01
00:43.742 DEBUG :amper-standalone-compose-desktop:resolveDependenciesJvm DependencyFile            Downloaded https://repo1.maven.org/maven2/org/jetbrains/compose/material/material-icons-core-desktop/1.6.10-rc01/material-icons-core-desktop-1.6.10-rc01.jar for the dependency org.jetbrains.compose.material:material-icons-core-desktop:1.6.10-rc01
00:43.904 DEBUG :amper-standalone-compose-desktop:resolveDependenciesJvm DependencyFile            Downloaded https://repo1.maven.org/maven2/org/jetbrains/kotlin/kotlin-stdlib/2.0.0-RC3/kotlin-stdlib-2.0.0-RC3.jar for the dependency org.jetbrains.kotlin:kotlin-stdlib:2.0.0-RC3
00:43.983 DEBUG :amper-standalone-compose-desktop:resolveDependenciesJvm DependencyFile            Downloaded https://repo1.maven.org/maven2/org/jetbrains/compose/runtime/runtime-saveable-desktop/1.6.10-rc01/runtime-saveable-desktop-1.6.10-rc01.jar for the dependency org.jetbrains.compose.runtime:runtime-saveable-desktop:1.6.10-rc01
00:44.073 DEBUG :amper-standalone-compose-desktop:resolveDependenciesJvm DependencyFile            Downloaded https://repo1.maven.org/maven2/org/jetbrains/kotlinx/kotlinx-coroutines-core-jvm/1.8.0/kotlinx-coroutines-core-jvm-1.8.0.jar for the dependency org.jetbrains.kotlinx:kotlinx-coroutines-core-jvm:1.8.0
00:44.560 DEBUG :amper-standalone-compose-desktop:resolveDependenciesJvm DependencyFile            Downloaded https://repo1.maven.org/maven2/org/jetbrains/compose/ui/ui-text-desktop/1.6.10-rc01/ui-text-desktop-1.6.10-rc01.jar for the dependency org.jetbrains.compose.ui:ui-text-desktop:1.6.10-rc01
00:44.563 DEBUG :amper-standalone-compose-desktop:resolveDependenciesJvm DependencyFile            Downloaded https://repo1.maven.org/maven2/org/jetbrains/compose/ui/ui-geometry-desktop/1.6.10-rc01/ui-geometry-desktop-1.6.10-rc01.jar for the dependency org.jetbrains.compose.ui:ui-geometry-desktop:1.6.10-rc01
00:44.655 DEBUG :amper-standalone-compose-desktop:resolveDependenciesJvm DependencyFile            Downloaded https://repo1.maven.org/maven2/org/jetbrains/compose/foundation/foundation-layout-desktop/1.6.10-rc01/foundation-layout-desktop-1.6.10-rc01.jar for the dependency org.jetbrains.compose.foundation:foundation-layout-desktop:1.6.10-rc01
00:44.954 DEBUG :amper-standalone-compose-desktop:resolveDependenciesJvm DependencyFile            Downloaded https://repo1.maven.org/maven2/org/jetbrains/compose/material/material-desktop/1.6.10-rc01/material-desktop-1.6.10-rc01.jar for the dependency org.jetbrains.compose.material:material-desktop:1.6.10-rc01
00:45.020 DEBUG :amper-standalone-compose-desktop:resolveDependenciesJvm DependencyFile            Downloaded https://repo1.maven.org/maven2/org/jetbrains/compose/runtime/runtime-desktop/1.6.10-rc01/runtime-desktop-1.6.10-rc01.jar for the dependency org.jetbrains.compose.runtime:runtime-desktop:1.6.10-rc01
00:45.501 DEBUG :amper-standalone-compose-desktop:resolveDependenciesJvm DependencyFile            Downloaded https://repo1.maven.org/maven2/org/jetbrains/compose/foundation/foundation-desktop/1.6.10-rc01/foundation-desktop-1.6.10-rc01.jar for the dependency org.jetbrains.compose.foundation:foundation-desktop:1.6.10-rc01
